[2022-07-28 15:03:41] [info]  [291124] Apache Commons Daemon procrun (1.3.1.0 64-bit) started.
[2022-07-28 15:03:41] [info]  [291124] Running Service 'Tomcat9'...
[2022-07-28 15:03:41] [info]  [313080] Starting service...
[2022-07-28 15:03:41] [error] [313080] Invalid RuntimeLib specified 'C:\Program Files\Java\jre1.8.0_291\bin\server\jvm.dll'
[2022-07-28 15:03:41] [error] [313080] The system cannot find the path specified.
[2022-07-28 15:03:41] [error] [313080] Failed to load JVM DLL 'C:\Program Files\Java\jre1.8.0_291\bin\server\jvm.dll', home '(null)'.
[2022-07-28 15:03:41] [error] [313080] The system cannot find the path specified.
[2022-07-28 15:03:41] [error] [313080] Failed creating Java 'C:\Program Files\Java\jre1.8.0_291\bin\server\jvm.dll'.
[2022-07-28 15:03:41] [error] [313080] The system cannot find the path specified.
[2022-07-28 15:03:41] [error] [313080] ServiceStart returned 1.
[2022-07-28 15:03:41] [error] [313080] The system cannot find the path specified.
[2022-07-28 15:03:41] [info]  [291124] Run service finished.
[2022-07-28 15:03:41] [info]  [291124] Apache Commons Daemon procrun finished.
[2022-07-28 15:03:56] [info]  [315056] Apache Commons Daemon procrun (1.3.1.0 64-bit) started.
[2022-07-28 15:03:56] [info]  [315056] Running Service 'Tomcat9'...
[2022-07-28 15:03:56] [info]  [315112] Starting service...
[2022-07-28 15:03:56] [error] [315112] Invalid RuntimeLib specified 'C:\Program Files\Java\jre1.8.0_291\bin\server\jvm.dll'
[2022-07-28 15:03:56] [error] [315112] The system cannot find the path specified.
[2022-07-28 15:03:56] [error] [315112] Failed to load JVM DLL 'C:\Program Files\Java\jre1.8.0_291\bin\server\jvm.dll', home '(null)'.
[2022-07-28 15:03:56] [error] [315112] The system cannot find the path specified.
[2022-07-28 15:03:56] [error] [315112] Failed creating Java 'C:\Program Files\Java\jre1.8.0_291\bin\server\jvm.dll'.
[2022-07-28 15:03:56] [error] [315112] The system cannot find the path specified.
[2022-07-28 15:03:56] [error] [315112] ServiceStart returned 1.
[2022-07-28 15:03:56] [error] [315112] The system cannot find the path specified.
[2022-07-28 15:03:56] [info]  [315056] Run service finished.
[2022-07-28 15:03:56] [info]  [315056] Apache Commons Daemon procrun finished.
[2022-07-28 15:04:02] [info]  [315296] Apache Commons Daemon procrun (1.3.1.0 64-bit) started.
[2022-07-28 15:04:02] [info]  [315296] Running Service 'Tomcat9'...
[2022-07-28 15:04:02] [info]  [315356] Starting service...
[2022-07-28 15:04:02] [error] [315356] Invalid RuntimeLib specified 'C:\Program Files\Java\jre1.8.0_291\bin\server\jvm.dll'
[2022-07-28 15:04:02] [error] [315356] The system cannot find the path specified.
[2022-07-28 15:04:02] [error] [315356] Failed to load JVM DLL 'C:\Program Files\Java\jre1.8.0_291\bin\server\jvm.dll', home '(null)'.
[2022-07-28 15:04:02] [error] [315356] The system cannot find the path specified.
[2022-07-28 15:04:02] [error] [315356] Failed creating Java 'C:\Program Files\Java\jre1.8.0_291\bin\server\jvm.dll'.
[2022-07-28 15:04:02] [error] [315356] The system cannot find the path specified.
[2022-07-28 15:04:02] [error] [315356] ServiceStart returned 1.
[2022-07-28 15:04:02] [error] [315356] The system cannot find the path specified.
[2022-07-28 15:04:02] [info]  [315296] Run service finished.
[2022-07-28 15:04:02] [info]  [315296] Apache Commons Daemon procrun finished.
[2022-07-28 15:05:54] [info]  [308568] Apache Commons Daemon procrun (1.3.1.0 64-bit) started.
[2022-07-28 15:05:54] [info]  [308568] Running Service 'Tomcat9'...
[2022-07-28 15:05:54] [info]  [315124] Starting service...
[2022-07-28 15:05:54] [error] [315124] Invalid RuntimeLib specified 'C:\Program Files\Java\jre1.8.0_291\bin\server\jvm.dll'
[2022-07-28 15:05:54] [error] [315124] The system cannot find the path specified.
[2022-07-28 15:05:54] [error] [315124] Failed to load JVM DLL 'C:\Program Files\Java\jre1.8.0_291\bin\server\jvm.dll', home '(null)'.
[2022-07-28 15:05:54] [error] [315124] The system cannot find the path specified.
[2022-07-28 15:05:54] [error] [315124] Failed creating Java 'C:\Program Files\Java\jre1.8.0_291\bin\server\jvm.dll'.
[2022-07-28 15:05:54] [error] [315124] The system cannot find the path specified.
[2022-07-28 15:05:54] [error] [315124] ServiceStart returned 1.
[2022-07-28 15:05:54] [error] [315124] The system cannot find the path specified.
[2022-07-28 15:05:54] [info]  [308568] Run service finished.
[2022-07-28 15:05:54] [info]  [308568] Apache Commons Daemon procrun finished.
[2022-07-28 15:16:01] [info]  [ 2800] Apache Commons Daemon procrun (1.3.1.0 64-bit) started.
[2022-07-28 15:16:01] [info]  [ 2800] Running Service 'Tomcat9'...
[2022-07-28 15:16:01] [info]  [17396] Starting service...
[2022-07-28 15:16:01] [error] [17396] Invalid RuntimeLib specified 'C:\Program Files\Java\jre1.8.0_291\bin\server\jvm.dll'
[2022-07-28 15:16:01] [error] [17396] The system cannot find the path specified.
[2022-07-28 15:16:01] [error] [17396] Failed to load JVM DLL 'C:\Program Files\Java\jre1.8.0_291\bin\server\jvm.dll', home '(null)'.
[2022-07-28 15:16:01] [error] [17396] The system cannot find the path specified.
[2022-07-28 15:16:01] [error] [17396] Failed creating Java 'C:\Program Files\Java\jre1.8.0_291\bin\server\jvm.dll'.
[2022-07-28 15:16:01] [error] [17396] The system cannot find the path specified.
[2022-07-28 15:16:01] [error] [17396] ServiceStart returned 1.
[2022-07-28 15:16:01] [error] [17396] The system cannot find the path specified.
[2022-07-28 15:16:01] [info]  [ 2800] Run service finished.
[2022-07-28 15:16:01] [info]  [ 2800] Apache Commons Daemon procrun finished.
[2022-07-28 15:16:07] [info]  [321304] Apache Commons Daemon procrun (1.3.1.0 64-bit) started.
[2022-07-28 15:16:07] [info]  [321304] Running Service 'Tomcat9'...
[2022-07-28 15:16:07] [info]  [322136] Starting service...
[2022-07-28 15:16:07] [error] [322136] Invalid RuntimeLib specified 'C:\Program Files\Java\jre1.8.0_291\bin\server\jvm.dll'
[2022-07-28 15:16:07] [error] [322136] The system cannot find the path specified.
[2022-07-28 15:16:07] [error] [322136] Failed to load JVM DLL 'C:\Program Files\Java\jre1.8.0_291\bin\server\jvm.dll', home '(null)'.
[2022-07-28 15:16:07] [error] [322136] The system cannot find the path specified.
[2022-07-28 15:16:07] [error] [322136] Failed creating Java 'C:\Program Files\Java\jre1.8.0_291\bin\server\jvm.dll'.
[2022-07-28 15:16:07] [error] [322136] The system cannot find the path specified.
[2022-07-28 15:16:07] [error] [322136] ServiceStart returned 1.
[2022-07-28 15:16:07] [error] [322136] The system cannot find the path specified.
[2022-07-28 15:16:07] [info]  [321304] Run service finished.
[2022-07-28 15:16:07] [info]  [321304] Apache Commons Daemon procrun finished.
[2022-07-28 15:16:44] [info]  [321632] Apache Commons Daemon procrun (1.3.1.0 64-bit) started.
[2022-07-28 15:16:44] [info]  [321632] Running Service 'Tomcat9'...
[2022-07-28 15:16:44] [info]  [313656] Starting service...
[2022-07-28 15:16:44] [error] [313656] Invalid RuntimeLib specified 'C:\Program Files\Java\jre1.8.0_291\bin\server\jvm.dll'
[2022-07-28 15:16:44] [error] [313656] The system cannot find the path specified.
[2022-07-28 15:16:44] [error] [313656] Failed to load JVM DLL 'C:\Program Files\Java\jre1.8.0_291\bin\server\jvm.dll', home '(null)'.
[2022-07-28 15:16:44] [error] [313656] The system cannot find the path specified.
[2022-07-28 15:16:44] [error] [313656] Failed creating Java 'C:\Program Files\Java\jre1.8.0_291\bin\server\jvm.dll'.
[2022-07-28 15:16:44] [error] [313656] The system cannot find the path specified.
[2022-07-28 15:16:44] [error] [313656] ServiceStart returned 1.
[2022-07-28 15:16:44] [error] [313656] The system cannot find the path specified.
[2022-07-28 15:16:44] [info]  [321632] Run service finished.
[2022-07-28 15:16:44] [info]  [321632] Apache Commons Daemon procrun finished.
