05-Aug-2022 11:15:23.860 SEVERE [http-nio-8080-exec-2] org.apache.catalina.session.StandardSession.tellNew Session event listener threw exception
	java.lang.AbstractMethodError: Receiver class org.apache.tomcat.websocket.server.WsSessionListener does not define or inherit an implementation of the resolved method 'abstract void sessionCreated(javax.servlet.http.HttpSessionEvent)' of interface javax.servlet.http.HttpSessionListener.
		at org.apache.catalina.session.StandardSession.tellNew(StandardSession.java:390)
		at org.apache.catalina.session.StandardSession.setId(StandardSession.java:363)
		at org.apache.catalina.session.StandardSession.setId(StandardSession.java:342)
		at org.apache.catalina.session.ManagerBase.createSession(ManagerBase.java:725)
		at org.apache.catalina.connector.Request.doGetSession(Request.java:3104)
		at org.apache.catalina.connector.Request.getSession(Request.java:2492)
		at org.apache.catalina.connector.RequestFacade.getSession(RequestFacade.java:908)
		at org.apache.catalina.connector.RequestFacade.getSession(RequestFacade.java:920)
		at org.apache.jasper.runtime.PageContextImpl.initialize(PageContextImpl.java:130)
		at org.apache.jasper.runtime.JspFactoryImpl.internalGetPageContext(JspFactoryImpl.java:109)
		at org.apache.jasper.runtime.JspFactoryImpl.getPageContext(JspFactoryImpl.java:59)
		at org.apache.jsp.login_jsp._jspService(login_jsp.java:107)
		at org.apache.jasper.runtime.HttpJspBase.service(HttpJspBase.java:70)
		at javax.servlet.http.HttpServlet.service(HttpServlet.java:790)
		at org.apache.jasper.servlet.JspServletWrapper.service(JspServletWrapper.java:466)
		at org.apache.jasper.servlet.JspServlet.serviceJspFile(JspServlet.java:379)
		at org.apache.jasper.servlet.JspServlet.service(JspServlet.java:327)
		at javax.servlet.http.HttpServlet.service(HttpServlet.java:790)
		at org.apache.catalina.core.ApplicationFilterChain.internalDoFilter(ApplicationFilterChain.java:227)
		at org.apache.catalina.core.ApplicationFilterChain.doFilter(ApplicationFilterChain.java:162)
		at org.apache.tomcat.websocket.server.WsFilter.doFilter(WsFilter.java:53)
		at org.apache.catalina.core.ApplicationFilterChain.internalDoFilter(ApplicationFilterChain.java:189)
		at org.apache.catalina.core.ApplicationFilterChain.doFilter(ApplicationFilterChain.java:162)
		at org.apache.catalina.core.StandardWrapperValve.invoke(StandardWrapperValve.java:197)
		at org.apache.catalina.core.StandardContextValve.invoke(StandardContextValve.java:97)
		at org.apache.catalina.authenticator.AuthenticatorBase.invoke(AuthenticatorBase.java:541)
		at org.apache.catalina.core.StandardHostValve.invoke(StandardHostValve.java:135)
		at org.apache.catalina.valves.ErrorReportValve.invoke(ErrorReportValve.java:92)
		at org.apache.catalina.valves.AbstractAccessLogValve.invoke(AbstractAccessLogValve.java:687)
		at org.apache.catalina.core.StandardEngineValve.invoke(StandardEngineValve.java:78)
		at org.apache.catalina.connector.CoyoteAdapter.service(CoyoteAdapter.java:360)
		at org.apache.coyote.http11.Http11Processor.service(Http11Processor.java:399)
		at org.apache.coyote.AbstractProcessorLight.process(AbstractProcessorLight.java:65)
		at org.apache.coyote.AbstractProtocol$ConnectionHandler.process(AbstractProtocol.java:890)
		at org.apache.tomcat.util.net.NioEndpoint$SocketProcessor.doRun(NioEndpoint.java:1787)
		at org.apache.tomcat.util.net.SocketProcessorBase.run(SocketProcessorBase.java:49)
		at org.apache.tomcat.util.threads.ThreadPoolExecutor.runWorker(ThreadPoolExecutor.java:1191)
		at org.apache.tomcat.util.threads.ThreadPoolExecutor$Worker.run(ThreadPoolExecutor.java:659)
		at org.apache.tomcat.util.threads.TaskThread$WrappingRunnable.run(TaskThread.java:61)
		at java.base/java.lang.Thread.run(Thread.java:833)
05-Aug-2022 11:15:32.022 SEVERE [http-nio-8080-exec-3] org.apache.catalina.core.StandardWrapperValve.invoke Servlet.service() for servlet [Login] in context with path [] threw exception [Servlet execution threw an exception] with root cause
	java.lang.NoSuchMethodError: 'javax.servlet.http.HttpServletMapping javax.servlet.http.HttpServletRequest.getHttpServletMapping()'
		at org.apache.catalina.core.ApplicationHttpRequest.setRequest(ApplicationHttpRequest.java:714)
		at org.apache.catalina.core.ApplicationHttpRequest.<init>(ApplicationHttpRequest.java:113)
		at org.apache.catalina.core.ApplicationDispatcher.wrapRequest(ApplicationDispatcher.java:920)
		at org.apache.catalina.core.ApplicationDispatcher.doForward(ApplicationDispatcher.java:359)
		at org.apache.catalina.core.ApplicationDispatcher.forward(ApplicationDispatcher.java:313)
		at Login.doPost(login.java:73)
		at javax.servlet.http.HttpServlet.service(HttpServlet.java:707)
		at javax.servlet.http.HttpServlet.service(HttpServlet.java:790)
		at org.apache.catalina.core.ApplicationFilterChain.internalDoFilter(ApplicationFilterChain.java:227)
		at org.apache.catalina.core.ApplicationFilterChain.doFilter(ApplicationFilterChain.java:162)
		at org.apache.tomcat.websocket.server.WsFilter.doFilter(WsFilter.java:53)
		at org.apache.catalina.core.ApplicationFilterChain.internalDoFilter(ApplicationFilterChain.java:189)
		at org.apache.catalina.core.ApplicationFilterChain.doFilter(ApplicationFilterChain.java:162)
		at org.apache.catalina.core.StandardWrapperValve.invoke(StandardWrapperValve.java:197)
		at org.apache.catalina.core.StandardContextValve.invoke(StandardContextValve.java:97)
		at org.apache.catalina.authenticator.AuthenticatorBase.invoke(AuthenticatorBase.java:541)
		at org.apache.catalina.core.StandardHostValve.invoke(StandardHostValve.java:135)
		at org.apache.catalina.valves.ErrorReportValve.invoke(ErrorReportValve.java:92)
		at org.apache.catalina.valves.AbstractAccessLogValve.invoke(AbstractAccessLogValve.java:687)
		at org.apache.catalina.core.StandardEngineValve.invoke(StandardEngineValve.java:78)
		at org.apache.catalina.connector.CoyoteAdapter.service(CoyoteAdapter.java:360)
		at org.apache.coyote.http11.Http11Processor.service(Http11Processor.java:399)
		at org.apache.coyote.AbstractProcessorLight.process(AbstractProcessorLight.java:65)
		at org.apache.coyote.AbstractProtocol$ConnectionHandler.process(AbstractProtocol.java:890)
		at org.apache.tomcat.util.net.NioEndpoint$SocketProcessor.doRun(NioEndpoint.java:1787)
		at org.apache.tomcat.util.net.SocketProcessorBase.run(SocketProcessorBase.java:49)
		at org.apache.tomcat.util.threads.ThreadPoolExecutor.runWorker(ThreadPoolExecutor.java:1191)
		at org.apache.tomcat.util.threads.ThreadPoolExecutor$Worker.run(ThreadPoolExecutor.java:659)
		at org.apache.tomcat.util.threads.TaskThread$WrappingRunnable.run(TaskThread.java:61)
		at java.base/java.lang.Thread.run(Thread.java:833)
05-Aug-2022 11:22:57.320 SEVERE [http-nio-8080-exec-1] org.apache.catalina.session.StandardSession.tellNew Session event listener threw exception
	java.lang.AbstractMethodError: Receiver class org.apache.tomcat.websocket.server.WsSessionListener does not define or inherit an implementation of the resolved method 'abstract void sessionCreated(javax.servlet.http.HttpSessionEvent)' of interface javax.servlet.http.HttpSessionListener.
		at org.apache.catalina.session.StandardSession.tellNew(StandardSession.java:390)
		at org.apache.catalina.session.StandardSession.setId(StandardSession.java:363)
		at org.apache.catalina.session.StandardSession.setId(StandardSession.java:342)
		at org.apache.catalina.session.ManagerBase.createSession(ManagerBase.java:725)
		at org.apache.catalina.connector.Request.doGetSession(Request.java:3104)
		at org.apache.catalina.connector.Request.getSession(Request.java:2492)
		at org.apache.catalina.connector.RequestFacade.getSession(RequestFacade.java:908)
		at org.apache.catalina.connector.RequestFacade.getSession(RequestFacade.java:920)
		at org.apache.jasper.runtime.PageContextImpl.initialize(PageContextImpl.java:130)
		at org.apache.jasper.runtime.JspFactoryImpl.internalGetPageContext(JspFactoryImpl.java:109)
		at org.apache.jasper.runtime.JspFactoryImpl.getPageContext(JspFactoryImpl.java:59)
		at org.apache.jsp.login_jsp._jspService(login_jsp.java:107)
		at org.apache.jasper.runtime.HttpJspBase.service(HttpJspBase.java:70)
		at javax.servlet.http.HttpServlet.service(HttpServlet.java:790)
		at org.apache.jasper.servlet.JspServletWrapper.service(JspServletWrapper.java:466)
		at org.apache.jasper.servlet.JspServlet.serviceJspFile(JspServlet.java:379)
		at org.apache.jasper.servlet.JspServlet.service(JspServlet.java:327)
		at javax.servlet.http.HttpServlet.service(HttpServlet.java:790)
		at org.apache.catalina.core.ApplicationFilterChain.internalDoFilter(ApplicationFilterChain.java:227)
		at org.apache.catalina.core.ApplicationFilterChain.doFilter(ApplicationFilterChain.java:162)
		at org.apache.tomcat.websocket.server.WsFilter.doFilter(WsFilter.java:53)
		at org.apache.catalina.core.ApplicationFilterChain.internalDoFilter(ApplicationFilterChain.java:189)
		at org.apache.catalina.core.ApplicationFilterChain.doFilter(ApplicationFilterChain.java:162)
		at org.apache.catalina.core.StandardWrapperValve.invoke(StandardWrapperValve.java:197)
		at org.apache.catalina.core.StandardContextValve.invoke(StandardContextValve.java:97)
		at org.apache.catalina.authenticator.AuthenticatorBase.invoke(AuthenticatorBase.java:541)
		at org.apache.catalina.core.StandardHostValve.invoke(StandardHostValve.java:135)
		at org.apache.catalina.valves.ErrorReportValve.invoke(ErrorReportValve.java:92)
		at org.apache.catalina.valves.AbstractAccessLogValve.invoke(AbstractAccessLogValve.java:687)
		at org.apache.catalina.core.StandardEngineValve.invoke(StandardEngineValve.java:78)
		at org.apache.catalina.connector.CoyoteAdapter.service(CoyoteAdapter.java:360)
		at org.apache.coyote.http11.Http11Processor.service(Http11Processor.java:399)
		at org.apache.coyote.AbstractProcessorLight.process(AbstractProcessorLight.java:65)
		at org.apache.coyote.AbstractProtocol$ConnectionHandler.process(AbstractProtocol.java:890)
		at org.apache.tomcat.util.net.NioEndpoint$SocketProcessor.doRun(NioEndpoint.java:1787)
		at org.apache.tomcat.util.net.SocketProcessorBase.run(SocketProcessorBase.java:49)
		at org.apache.tomcat.util.threads.ThreadPoolExecutor.runWorker(ThreadPoolExecutor.java:1191)
		at org.apache.tomcat.util.threads.ThreadPoolExecutor$Worker.run(ThreadPoolExecutor.java:659)
		at org.apache.tomcat.util.threads.TaskThread$WrappingRunnable.run(TaskThread.java:61)
		at java.base/java.lang.Thread.run(Thread.java:833)
05-Aug-2022 11:23:03.381 SEVERE [http-nio-8080-exec-2] org.apache.catalina.core.StandardWrapperValve.invoke Servlet.service() for servlet [Login] in context with path [] threw exception [Servlet execution threw an exception] with root cause
	java.lang.NoSuchMethodError: 'javax.servlet.http.HttpServletMapping javax.servlet.http.HttpServletRequest.getHttpServletMapping()'
		at org.apache.catalina.core.ApplicationHttpRequest.setRequest(ApplicationHttpRequest.java:714)
		at org.apache.catalina.core.ApplicationHttpRequest.<init>(ApplicationHttpRequest.java:113)
		at org.apache.catalina.core.ApplicationDispatcher.wrapRequest(ApplicationDispatcher.java:920)
		at org.apache.catalina.core.ApplicationDispatcher.doForward(ApplicationDispatcher.java:359)
		at org.apache.catalina.core.ApplicationDispatcher.forward(ApplicationDispatcher.java:313)
		at Login.doPost(login.java:65)
		at javax.servlet.http.HttpServlet.service(HttpServlet.java:707)
		at javax.servlet.http.HttpServlet.service(HttpServlet.java:790)
		at org.apache.catalina.core.ApplicationFilterChain.internalDoFilter(ApplicationFilterChain.java:227)
		at org.apache.catalina.core.ApplicationFilterChain.doFilter(ApplicationFilterChain.java:162)
		at org.apache.tomcat.websocket.server.WsFilter.doFilter(WsFilter.java:53)
		at org.apache.catalina.core.ApplicationFilterChain.internalDoFilter(ApplicationFilterChain.java:189)
		at org.apache.catalina.core.ApplicationFilterChain.doFilter(ApplicationFilterChain.java:162)
		at org.apache.catalina.core.StandardWrapperValve.invoke(StandardWrapperValve.java:197)
		at org.apache.catalina.core.StandardContextValve.invoke(StandardContextValve.java:97)
		at org.apache.catalina.authenticator.AuthenticatorBase.invoke(AuthenticatorBase.java:541)
		at org.apache.catalina.core.StandardHostValve.invoke(StandardHostValve.java:135)
		at org.apache.catalina.valves.ErrorReportValve.invoke(ErrorReportValve.java:92)
		at org.apache.catalina.valves.AbstractAccessLogValve.invoke(AbstractAccessLogValve.java:687)
		at org.apache.catalina.core.StandardEngineValve.invoke(StandardEngineValve.java:78)
		at org.apache.catalina.connector.CoyoteAdapter.service(CoyoteAdapter.java:360)
		at org.apache.coyote.http11.Http11Processor.service(Http11Processor.java:399)
		at org.apache.coyote.AbstractProcessorLight.process(AbstractProcessorLight.java:65)
		at org.apache.coyote.AbstractProtocol$ConnectionHandler.process(AbstractProtocol.java:890)
		at org.apache.tomcat.util.net.NioEndpoint$SocketProcessor.doRun(NioEndpoint.java:1787)
		at org.apache.tomcat.util.net.SocketProcessorBase.run(SocketProcessorBase.java:49)
		at org.apache.tomcat.util.threads.ThreadPoolExecutor.runWorker(ThreadPoolExecutor.java:1191)
		at org.apache.tomcat.util.threads.ThreadPoolExecutor$Worker.run(ThreadPoolExecutor.java:659)
		at org.apache.tomcat.util.threads.TaskThread$WrappingRunnable.run(TaskThread.java:61)
		at java.base/java.lang.Thread.run(Thread.java:833)
05-Aug-2022 11:28:46.472 SEVERE [http-nio-8080-exec-1] org.apache.catalina.session.StandardSession.tellNew Session event listener threw exception
	java.lang.AbstractMethodError: Receiver class org.apache.tomcat.websocket.server.WsSessionListener does not define or inherit an implementation of the resolved method 'abstract void sessionCreated(javax.servlet.http.HttpSessionEvent)' of interface javax.servlet.http.HttpSessionListener.
		at org.apache.catalina.session.StandardSession.tellNew(StandardSession.java:390)
		at org.apache.catalina.session.StandardSession.setId(StandardSession.java:363)
		at org.apache.catalina.session.StandardSession.setId(StandardSession.java:342)
		at org.apache.catalina.session.ManagerBase.createSession(ManagerBase.java:725)
		at org.apache.catalina.connector.Request.doGetSession(Request.java:3104)
		at org.apache.catalina.connector.Request.getSession(Request.java:2492)
		at org.apache.catalina.connector.RequestFacade.getSession(RequestFacade.java:908)
		at org.apache.catalina.connector.RequestFacade.getSession(RequestFacade.java:920)
		at org.apache.jasper.runtime.PageContextImpl.initialize(PageContextImpl.java:130)
		at org.apache.jasper.runtime.JspFactoryImpl.internalGetPageContext(JspFactoryImpl.java:109)
		at org.apache.jasper.runtime.JspFactoryImpl.getPageContext(JspFactoryImpl.java:59)
		at org.apache.jsp.login_jsp._jspService(login_jsp.java:107)
		at org.apache.jasper.runtime.HttpJspBase.service(HttpJspBase.java:70)
		at javax.servlet.http.HttpServlet.service(HttpServlet.java:790)
		at org.apache.jasper.servlet.JspServletWrapper.service(JspServletWrapper.java:466)
		at org.apache.jasper.servlet.JspServlet.serviceJspFile(JspServlet.java:379)
		at org.apache.jasper.servlet.JspServlet.service(JspServlet.java:327)
		at javax.servlet.http.HttpServlet.service(HttpServlet.java:790)
		at org.apache.catalina.core.ApplicationFilterChain.internalDoFilter(ApplicationFilterChain.java:227)
		at org.apache.catalina.core.ApplicationFilterChain.doFilter(ApplicationFilterChain.java:162)
		at org.apache.tomcat.websocket.server.WsFilter.doFilter(WsFilter.java:53)
		at org.apache.catalina.core.ApplicationFilterChain.internalDoFilter(ApplicationFilterChain.java:189)
		at org.apache.catalina.core.ApplicationFilterChain.doFilter(ApplicationFilterChain.java:162)
		at org.apache.catalina.core.StandardWrapperValve.invoke(StandardWrapperValve.java:197)
		at org.apache.catalina.core.StandardContextValve.invoke(StandardContextValve.java:97)
		at org.apache.catalina.authenticator.AuthenticatorBase.invoke(AuthenticatorBase.java:541)
		at org.apache.catalina.core.StandardHostValve.invoke(StandardHostValve.java:135)
		at org.apache.catalina.valves.ErrorReportValve.invoke(ErrorReportValve.java:92)
		at org.apache.catalina.valves.AbstractAccessLogValve.invoke(AbstractAccessLogValve.java:687)
		at org.apache.catalina.core.StandardEngineValve.invoke(StandardEngineValve.java:78)
		at org.apache.catalina.connector.CoyoteAdapter.service(CoyoteAdapter.java:360)
		at org.apache.coyote.http11.Http11Processor.service(Http11Processor.java:399)
		at org.apache.coyote.AbstractProcessorLight.process(AbstractProcessorLight.java:65)
		at org.apache.coyote.AbstractProtocol$ConnectionHandler.process(AbstractProtocol.java:890)
		at org.apache.tomcat.util.net.NioEndpoint$SocketProcessor.doRun(NioEndpoint.java:1787)
		at org.apache.tomcat.util.net.SocketProcessorBase.run(SocketProcessorBase.java:49)
		at org.apache.tomcat.util.threads.ThreadPoolExecutor.runWorker(ThreadPoolExecutor.java:1191)
		at org.apache.tomcat.util.threads.ThreadPoolExecutor$Worker.run(ThreadPoolExecutor.java:659)
		at org.apache.tomcat.util.threads.TaskThread$WrappingRunnable.run(TaskThread.java:61)
		at java.base/java.lang.Thread.run(Thread.java:833)
05-Aug-2022 11:29:15.599 INFO [http-nio-8080-exec-6] org.apache.catalina.core.ApplicationContext.log Marking servlet [todol] as unavailable
05-Aug-2022 11:29:15.600 SEVERE [http-nio-8080-exec-6] org.apache.catalina.core.StandardWrapperValve.invoke Allocate exception for servlet [todol]
	javax.servlet.ServletException: No servlet class has been specified for servlet [todol]
		at org.apache.catalina.core.StandardWrapper.loadServlet(StandardWrapper.java:1065)
		at org.apache.catalina.core.StandardWrapper.allocate(StandardWrapper.java:788)
		at org.apache.catalina.core.StandardWrapperValve.invoke(StandardWrapperValve.java:128)
		at org.apache.catalina.core.StandardContextValve.invoke(StandardContextValve.java:97)
		at org.apache.catalina.authenticator.AuthenticatorBase.invoke(AuthenticatorBase.java:541)
		at org.apache.catalina.core.StandardHostValve.invoke(StandardHostValve.java:135)
		at org.apache.catalina.valves.ErrorReportValve.invoke(ErrorReportValve.java:92)
		at org.apache.catalina.valves.AbstractAccessLogValve.invoke(AbstractAccessLogValve.java:687)
		at org.apache.catalina.core.StandardEngineValve.invoke(StandardEngineValve.java:78)
		at org.apache.catalina.connector.CoyoteAdapter.service(CoyoteAdapter.java:360)
		at org.apache.coyote.http11.Http11Processor.service(Http11Processor.java:399)
		at org.apache.coyote.AbstractProcessorLight.process(AbstractProcessorLight.java:65)
		at org.apache.coyote.AbstractProtocol$ConnectionHandler.process(AbstractProtocol.java:890)
		at org.apache.tomcat.util.net.NioEndpoint$SocketProcessor.doRun(NioEndpoint.java:1787)
		at org.apache.tomcat.util.net.SocketProcessorBase.run(SocketProcessorBase.java:49)
		at org.apache.tomcat.util.threads.ThreadPoolExecutor.runWorker(ThreadPoolExecutor.java:1191)
		at org.apache.tomcat.util.threads.ThreadPoolExecutor$Worker.run(ThreadPoolExecutor.java:659)
		at org.apache.tomcat.util.threads.TaskThread$WrappingRunnable.run(TaskThread.java:61)
		at java.base/java.lang.Thread.run(Thread.java:833)
05-Aug-2022 11:41:08.657 SEVERE [http-nio-8080-exec-1] org.apache.catalina.session.StandardSession.tellNew Session event listener threw exception
	java.lang.AbstractMethodError: Receiver class org.apache.tomcat.websocket.server.WsSessionListener does not define or inherit an implementation of the resolved method 'abstract void sessionCreated(javax.servlet.http.HttpSessionEvent)' of interface javax.servlet.http.HttpSessionListener.
		at org.apache.catalina.session.StandardSession.tellNew(StandardSession.java:390)
		at org.apache.catalina.session.StandardSession.setId(StandardSession.java:363)
		at org.apache.catalina.session.StandardSession.setId(StandardSession.java:342)
		at org.apache.catalina.session.ManagerBase.createSession(ManagerBase.java:725)
		at org.apache.catalina.connector.Request.doGetSession(Request.java:3104)
		at org.apache.catalina.connector.Request.getSession(Request.java:2492)
		at org.apache.catalina.connector.RequestFacade.getSession(RequestFacade.java:908)
		at org.apache.catalina.connector.RequestFacade.getSession(RequestFacade.java:920)
		at org.apache.jasper.runtime.PageContextImpl.initialize(PageContextImpl.java:130)
		at org.apache.jasper.runtime.JspFactoryImpl.internalGetPageContext(JspFactoryImpl.java:109)
		at org.apache.jasper.runtime.JspFactoryImpl.getPageContext(JspFactoryImpl.java:59)
		at org.apache.jsp.login_jsp._jspService(login_jsp.java:107)
		at org.apache.jasper.runtime.HttpJspBase.service(HttpJspBase.java:70)
		at javax.servlet.http.HttpServlet.service(HttpServlet.java:790)
		at org.apache.jasper.servlet.JspServletWrapper.service(JspServletWrapper.java:466)
		at org.apache.jasper.servlet.JspServlet.serviceJspFile(JspServlet.java:379)
		at org.apache.jasper.servlet.JspServlet.service(JspServlet.java:327)
		at javax.servlet.http.HttpServlet.service(HttpServlet.java:790)
		at org.apache.catalina.core.ApplicationFilterChain.internalDoFilter(ApplicationFilterChain.java:227)
		at org.apache.catalina.core.ApplicationFilterChain.doFilter(ApplicationFilterChain.java:162)
		at org.apache.tomcat.websocket.server.WsFilter.doFilter(WsFilter.java:53)
		at org.apache.catalina.core.ApplicationFilterChain.internalDoFilter(ApplicationFilterChain.java:189)
		at org.apache.catalina.core.ApplicationFilterChain.doFilter(ApplicationFilterChain.java:162)
		at org.apache.catalina.core.StandardWrapperValve.invoke(StandardWrapperValve.java:197)
		at org.apache.catalina.core.StandardContextValve.invoke(StandardContextValve.java:97)
		at org.apache.catalina.authenticator.AuthenticatorBase.invoke(AuthenticatorBase.java:541)
		at org.apache.catalina.core.StandardHostValve.invoke(StandardHostValve.java:135)
		at org.apache.catalina.valves.ErrorReportValve.invoke(ErrorReportValve.java:92)
		at org.apache.catalina.valves.AbstractAccessLogValve.invoke(AbstractAccessLogValve.java:687)
		at org.apache.catalina.core.StandardEngineValve.invoke(StandardEngineValve.java:78)
		at org.apache.catalina.connector.CoyoteAdapter.service(CoyoteAdapter.java:360)
		at org.apache.coyote.http11.Http11Processor.service(Http11Processor.java:399)
		at org.apache.coyote.AbstractProcessorLight.process(AbstractProcessorLight.java:65)
		at org.apache.coyote.AbstractProtocol$ConnectionHandler.process(AbstractProtocol.java:890)
		at org.apache.tomcat.util.net.NioEndpoint$SocketProcessor.doRun(NioEndpoint.java:1787)
		at org.apache.tomcat.util.net.SocketProcessorBase.run(SocketProcessorBase.java:49)
		at org.apache.tomcat.util.threads.ThreadPoolExecutor.runWorker(ThreadPoolExecutor.java:1191)
		at org.apache.tomcat.util.threads.ThreadPoolExecutor$Worker.run(ThreadPoolExecutor.java:659)
		at org.apache.tomcat.util.threads.TaskThread$WrappingRunnable.run(TaskThread.java:61)
		at java.base/java.lang.Thread.run(Thread.java:833)
05-Aug-2022 11:41:16.467 INFO [http-nio-8080-exec-2] org.apache.catalina.core.ApplicationContext.log Marking servlet [Login] as unavailable
05-Aug-2022 11:41:16.467 SEVERE [http-nio-8080-exec-2] org.apache.catalina.core.StandardWrapperValve.invoke Allocate exception for servlet [Login]
	javax.servlet.ServletException: No servlet class has been specified for servlet [Login]
		at org.apache.catalina.core.StandardWrapper.loadServlet(StandardWrapper.java:1065)
		at org.apache.catalina.core.StandardWrapper.allocate(StandardWrapper.java:788)
		at org.apache.catalina.core.StandardWrapperValve.invoke(StandardWrapperValve.java:128)
		at org.apache.catalina.core.StandardContextValve.invoke(StandardContextValve.java:97)
		at org.apache.catalina.authenticator.AuthenticatorBase.invoke(AuthenticatorBase.java:541)
		at org.apache.catalina.core.StandardHostValve.invoke(StandardHostValve.java:135)
		at org.apache.catalina.valves.ErrorReportValve.invoke(ErrorReportValve.java:92)
		at org.apache.catalina.valves.AbstractAccessLogValve.invoke(AbstractAccessLogValve.java:687)
		at org.apache.catalina.core.StandardEngineValve.invoke(StandardEngineValve.java:78)
		at org.apache.catalina.connector.CoyoteAdapter.service(CoyoteAdapter.java:360)
		at org.apache.coyote.http11.Http11Processor.service(Http11Processor.java:399)
		at org.apache.coyote.AbstractProcessorLight.process(AbstractProcessorLight.java:65)
		at org.apache.coyote.AbstractProtocol$ConnectionHandler.process(AbstractProtocol.java:890)
		at org.apache.tomcat.util.net.NioEndpoint$SocketProcessor.doRun(NioEndpoint.java:1787)
		at org.apache.tomcat.util.net.SocketProcessorBase.run(SocketProcessorBase.java:49)
		at org.apache.tomcat.util.threads.ThreadPoolExecutor.runWorker(ThreadPoolExecutor.java:1191)
		at org.apache.tomcat.util.threads.ThreadPoolExecutor$Worker.run(ThreadPoolExecutor.java:659)
		at org.apache.tomcat.util.threads.TaskThread$WrappingRunnable.run(TaskThread.java:61)
		at java.base/java.lang.Thread.run(Thread.java:833)
05-Aug-2022 11:43:07.261 SEVERE [http-nio-8080-exec-1] org.apache.catalina.session.StandardSession.tellNew Session event listener threw exception
	java.lang.AbstractMethodError: Receiver class org.apache.tomcat.websocket.server.WsSessionListener does not define or inherit an implementation of the resolved method 'abstract void sessionCreated(javax.servlet.http.HttpSessionEvent)' of interface javax.servlet.http.HttpSessionListener.
		at org.apache.catalina.session.StandardSession.tellNew(StandardSession.java:390)
		at org.apache.catalina.session.StandardSession.setId(StandardSession.java:363)
		at org.apache.catalina.session.StandardSession.setId(StandardSession.java:342)
		at org.apache.catalina.session.ManagerBase.createSession(ManagerBase.java:725)
		at org.apache.catalina.connector.Request.doGetSession(Request.java:3104)
		at org.apache.catalina.connector.Request.getSession(Request.java:2492)
		at org.apache.catalina.connector.RequestFacade.getSession(RequestFacade.java:908)
		at org.apache.catalina.connector.RequestFacade.getSession(RequestFacade.java:920)
		at org.apache.jasper.runtime.PageContextImpl.initialize(PageContextImpl.java:130)
		at org.apache.jasper.runtime.JspFactoryImpl.internalGetPageContext(JspFactoryImpl.java:109)
		at org.apache.jasper.runtime.JspFactoryImpl.getPageContext(JspFactoryImpl.java:59)
		at org.apache.jsp.login_jsp._jspService(login_jsp.java:107)
		at org.apache.jasper.runtime.HttpJspBase.service(HttpJspBase.java:70)
		at javax.servlet.http.HttpServlet.service(HttpServlet.java:790)
		at org.apache.jasper.servlet.JspServletWrapper.service(JspServletWrapper.java:466)
		at org.apache.jasper.servlet.JspServlet.serviceJspFile(JspServlet.java:379)
		at org.apache.jasper.servlet.JspServlet.service(JspServlet.java:327)
		at javax.servlet.http.HttpServlet.service(HttpServlet.java:790)
		at org.apache.catalina.core.ApplicationFilterChain.internalDoFilter(ApplicationFilterChain.java:227)
		at org.apache.catalina.core.ApplicationFilterChain.doFilter(ApplicationFilterChain.java:162)
		at org.apache.tomcat.websocket.server.WsFilter.doFilter(WsFilter.java:53)
		at org.apache.catalina.core.ApplicationFilterChain.internalDoFilter(ApplicationFilterChain.java:189)
		at org.apache.catalina.core.ApplicationFilterChain.doFilter(ApplicationFilterChain.java:162)
		at org.apache.catalina.core.StandardWrapperValve.invoke(StandardWrapperValve.java:197)
		at org.apache.catalina.core.StandardContextValve.invoke(StandardContextValve.java:97)
		at org.apache.catalina.authenticator.AuthenticatorBase.invoke(AuthenticatorBase.java:541)
		at org.apache.catalina.core.StandardHostValve.invoke(StandardHostValve.java:135)
		at org.apache.catalina.valves.ErrorReportValve.invoke(ErrorReportValve.java:92)
		at org.apache.catalina.valves.AbstractAccessLogValve.invoke(AbstractAccessLogValve.java:687)
		at org.apache.catalina.core.StandardEngineValve.invoke(StandardEngineValve.java:78)
		at org.apache.catalina.connector.CoyoteAdapter.service(CoyoteAdapter.java:360)
		at org.apache.coyote.http11.Http11Processor.service(Http11Processor.java:399)
		at org.apache.coyote.AbstractProcessorLight.process(AbstractProcessorLight.java:65)
		at org.apache.coyote.AbstractProtocol$ConnectionHandler.process(AbstractProtocol.java:890)
		at org.apache.tomcat.util.net.NioEndpoint$SocketProcessor.doRun(NioEndpoint.java:1787)
		at org.apache.tomcat.util.net.SocketProcessorBase.run(SocketProcessorBase.java:49)
		at org.apache.tomcat.util.threads.ThreadPoolExecutor.runWorker(ThreadPoolExecutor.java:1191)
		at org.apache.tomcat.util.threads.ThreadPoolExecutor$Worker.run(ThreadPoolExecutor.java:659)
		at org.apache.tomcat.util.threads.TaskThread$WrappingRunnable.run(TaskThread.java:61)
		at java.base/java.lang.Thread.run(Thread.java:833)
05-Aug-2022 11:43:26.727 SEVERE [http-nio-8080-exec-6] org.apache.catalina.core.StandardWrapperValve.invoke Servlet.service() for servlet [todol] in context with path [] threw exception [Servlet execution threw an exception] with root cause
	java.lang.NoSuchMethodError: 'javax.servlet.http.HttpServletMapping javax.servlet.http.HttpServletRequest.getHttpServletMapping()'
		at org.apache.catalina.core.ApplicationHttpRequest.setRequest(ApplicationHttpRequest.java:714)
		at org.apache.catalina.core.ApplicationHttpRequest.<init>(ApplicationHttpRequest.java:113)
		at org.apache.catalina.core.ApplicationDispatcher.wrapRequest(ApplicationDispatcher.java:920)
		at org.apache.catalina.core.ApplicationDispatcher.doForward(ApplicationDispatcher.java:359)
		at org.apache.catalina.core.ApplicationDispatcher.forward(ApplicationDispatcher.java:313)
		at todol.doPost(todol.java:54)
		at javax.servlet.http.HttpServlet.service(HttpServlet.java:707)
		at javax.servlet.http.HttpServlet.service(HttpServlet.java:790)
		at org.apache.catalina.core.ApplicationFilterChain.internalDoFilter(ApplicationFilterChain.java:227)
		at org.apache.catalina.core.ApplicationFilterChain.doFilter(ApplicationFilterChain.java:162)
		at org.apache.tomcat.websocket.server.WsFilter.doFilter(WsFilter.java:53)
		at org.apache.catalina.core.ApplicationFilterChain.internalDoFilter(ApplicationFilterChain.java:189)
		at org.apache.catalina.core.ApplicationFilterChain.doFilter(ApplicationFilterChain.java:162)
		at org.apache.catalina.core.StandardWrapperValve.invoke(StandardWrapperValve.java:197)
		at org.apache.catalina.core.StandardContextValve.invoke(StandardContextValve.java:97)
		at org.apache.catalina.authenticator.AuthenticatorBase.invoke(AuthenticatorBase.java:541)
		at org.apache.catalina.core.StandardHostValve.invoke(StandardHostValve.java:135)
		at org.apache.catalina.valves.ErrorReportValve.invoke(ErrorReportValve.java:92)
		at org.apache.catalina.valves.AbstractAccessLogValve.invoke(AbstractAccessLogValve.java:687)
		at org.apache.catalina.core.StandardEngineValve.invoke(StandardEngineValve.java:78)
		at org.apache.catalina.connector.CoyoteAdapter.service(CoyoteAdapter.java:360)
		at org.apache.coyote.http11.Http11Processor.service(Http11Processor.java:399)
		at org.apache.coyote.AbstractProcessorLight.process(AbstractProcessorLight.java:65)
		at org.apache.coyote.AbstractProtocol$ConnectionHandler.process(AbstractProtocol.java:890)
		at org.apache.tomcat.util.net.NioEndpoint$SocketProcessor.doRun(NioEndpoint.java:1787)
		at org.apache.tomcat.util.net.SocketProcessorBase.run(SocketProcessorBase.java:49)
		at org.apache.tomcat.util.threads.ThreadPoolExecutor.runWorker(ThreadPoolExecutor.java:1191)
		at org.apache.tomcat.util.threads.ThreadPoolExecutor$Worker.run(ThreadPoolExecutor.java:659)
		at org.apache.tomcat.util.threads.TaskThread$WrappingRunnable.run(TaskThread.java:61)
		at java.base/java.lang.Thread.run(Thread.java:833)
05-Aug-2022 11:46:36.512 SEVERE [http-nio-8080-exec-1] org.apache.catalina.session.StandardSession.tellNew Session event listener threw exception
	java.lang.AbstractMethodError: Receiver class org.apache.tomcat.websocket.server.WsSessionListener does not define or inherit an implementation of the resolved method 'abstract void sessionCreated(javax.servlet.http.HttpSessionEvent)' of interface javax.servlet.http.HttpSessionListener.
		at org.apache.catalina.session.StandardSession.tellNew(StandardSession.java:390)
		at org.apache.catalina.session.StandardSession.setId(StandardSession.java:363)
		at org.apache.catalina.session.StandardSession.setId(StandardSession.java:342)
		at org.apache.catalina.session.ManagerBase.createSession(ManagerBase.java:725)
		at org.apache.catalina.connector.Request.doGetSession(Request.java:3104)
		at org.apache.catalina.connector.Request.getSession(Request.java:2492)
		at org.apache.catalina.connector.RequestFacade.getSession(RequestFacade.java:908)
		at org.apache.catalina.connector.RequestFacade.getSession(RequestFacade.java:920)
		at org.apache.jasper.runtime.PageContextImpl.initialize(PageContextImpl.java:130)
		at org.apache.jasper.runtime.JspFactoryImpl.internalGetPageContext(JspFactoryImpl.java:109)
		at org.apache.jasper.runtime.JspFactoryImpl.getPageContext(JspFactoryImpl.java:59)
		at org.apache.jsp.login_jsp._jspService(login_jsp.java:107)
		at org.apache.jasper.runtime.HttpJspBase.service(HttpJspBase.java:70)
		at javax.servlet.http.HttpServlet.service(HttpServlet.java:790)
		at org.apache.jasper.servlet.JspServletWrapper.service(JspServletWrapper.java:466)
		at org.apache.jasper.servlet.JspServlet.serviceJspFile(JspServlet.java:379)
		at org.apache.jasper.servlet.JspServlet.service(JspServlet.java:327)
		at javax.servlet.http.HttpServlet.service(HttpServlet.java:790)
		at org.apache.catalina.core.ApplicationFilterChain.internalDoFilter(ApplicationFilterChain.java:227)
		at org.apache.catalina.core.ApplicationFilterChain.doFilter(ApplicationFilterChain.java:162)
		at org.apache.tomcat.websocket.server.WsFilter.doFilter(WsFilter.java:53)
		at org.apache.catalina.core.ApplicationFilterChain.internalDoFilter(ApplicationFilterChain.java:189)
		at org.apache.catalina.core.ApplicationFilterChain.doFilter(ApplicationFilterChain.java:162)
		at org.apache.catalina.core.StandardWrapperValve.invoke(StandardWrapperValve.java:197)
		at org.apache.catalina.core.StandardContextValve.invoke(StandardContextValve.java:97)
		at org.apache.catalina.authenticator.AuthenticatorBase.invoke(AuthenticatorBase.java:541)
		at org.apache.catalina.core.StandardHostValve.invoke(StandardHostValve.java:135)
		at org.apache.catalina.valves.ErrorReportValve.invoke(ErrorReportValve.java:92)
		at org.apache.catalina.valves.AbstractAccessLogValve.invoke(AbstractAccessLogValve.java:687)
		at org.apache.catalina.core.StandardEngineValve.invoke(StandardEngineValve.java:78)
		at org.apache.catalina.connector.CoyoteAdapter.service(CoyoteAdapter.java:360)
		at org.apache.coyote.http11.Http11Processor.service(Http11Processor.java:399)
		at org.apache.coyote.AbstractProcessorLight.process(AbstractProcessorLight.java:65)
		at org.apache.coyote.AbstractProtocol$ConnectionHandler.process(AbstractProtocol.java:890)
		at org.apache.tomcat.util.net.NioEndpoint$SocketProcessor.doRun(NioEndpoint.java:1787)
		at org.apache.tomcat.util.net.SocketProcessorBase.run(SocketProcessorBase.java:49)
		at org.apache.tomcat.util.threads.ThreadPoolExecutor.runWorker(ThreadPoolExecutor.java:1191)
		at org.apache.tomcat.util.threads.ThreadPoolExecutor$Worker.run(ThreadPoolExecutor.java:659)
		at org.apache.tomcat.util.threads.TaskThread$WrappingRunnable.run(TaskThread.java:61)
		at java.base/java.lang.Thread.run(Thread.java:833)
05-Aug-2022 11:47:08.381 INFO [http-nio-8080-exec-9] org.apache.catalina.core.ApplicationContext.log Marking servlet [todo] as unavailable
05-Aug-2022 11:47:08.381 SEVERE [http-nio-8080-exec-9] org.apache.catalina.core.StandardWrapperValve.invoke Allocate exception for servlet [todo]
	javax.servlet.ServletException: No servlet class has been specified for servlet [todo]
		at org.apache.catalina.core.StandardWrapper.loadServlet(StandardWrapper.java:1065)
		at org.apache.catalina.core.StandardWrapper.allocate(StandardWrapper.java:788)
		at org.apache.catalina.core.StandardWrapperValve.invoke(StandardWrapperValve.java:128)
		at org.apache.catalina.core.StandardContextValve.invoke(StandardContextValve.java:97)
		at org.apache.catalina.authenticator.AuthenticatorBase.invoke(AuthenticatorBase.java:541)
		at org.apache.catalina.core.StandardHostValve.invoke(StandardHostValve.java:135)
		at org.apache.catalina.valves.ErrorReportValve.invoke(ErrorReportValve.java:92)
		at org.apache.catalina.valves.AbstractAccessLogValve.invoke(AbstractAccessLogValve.java:687)
		at org.apache.catalina.core.StandardEngineValve.invoke(StandardEngineValve.java:78)
		at org.apache.catalina.connector.CoyoteAdapter.service(CoyoteAdapter.java:360)
		at org.apache.coyote.http11.Http11Processor.service(Http11Processor.java:399)
		at org.apache.coyote.AbstractProcessorLight.process(AbstractProcessorLight.java:65)
		at org.apache.coyote.AbstractProtocol$ConnectionHandler.process(AbstractProtocol.java:890)
		at org.apache.tomcat.util.net.NioEndpoint$SocketProcessor.doRun(NioEndpoint.java:1787)
		at org.apache.tomcat.util.net.SocketProcessorBase.run(SocketProcessorBase.java:49)
		at org.apache.tomcat.util.threads.ThreadPoolExecutor.runWorker(ThreadPoolExecutor.java:1191)
		at org.apache.tomcat.util.threads.ThreadPoolExecutor$Worker.run(ThreadPoolExecutor.java:659)
		at org.apache.tomcat.util.threads.TaskThread$WrappingRunnable.run(TaskThread.java:61)
		at java.base/java.lang.Thread.run(Thread.java:833)
05-Aug-2022 11:49:05.329 SEVERE [http-nio-8080-exec-1] org.apache.catalina.session.StandardSession.tellNew Session event listener threw exception
	java.lang.AbstractMethodError: Receiver class org.apache.tomcat.websocket.server.WsSessionListener does not define or inherit an implementation of the resolved method 'abstract void sessionCreated(javax.servlet.http.HttpSessionEvent)' of interface javax.servlet.http.HttpSessionListener.
		at org.apache.catalina.session.StandardSession.tellNew(StandardSession.java:390)
		at org.apache.catalina.session.StandardSession.setId(StandardSession.java:363)
		at org.apache.catalina.session.StandardSession.setId(StandardSession.java:342)
		at org.apache.catalina.session.ManagerBase.createSession(ManagerBase.java:725)
		at org.apache.catalina.connector.Request.doGetSession(Request.java:3104)
		at org.apache.catalina.connector.Request.getSession(Request.java:2492)
		at org.apache.catalina.connector.RequestFacade.getSession(RequestFacade.java:908)
		at org.apache.catalina.connector.RequestFacade.getSession(RequestFacade.java:920)
		at org.apache.jasper.runtime.PageContextImpl.initialize(PageContextImpl.java:130)
		at org.apache.jasper.runtime.JspFactoryImpl.internalGetPageContext(JspFactoryImpl.java:109)
		at org.apache.jasper.runtime.JspFactoryImpl.getPageContext(JspFactoryImpl.java:59)
		at org.apache.jsp.login_jsp._jspService(login_jsp.java:107)
		at org.apache.jasper.runtime.HttpJspBase.service(HttpJspBase.java:70)
		at javax.servlet.http.HttpServlet.service(HttpServlet.java:790)
		at org.apache.jasper.servlet.JspServletWrapper.service(JspServletWrapper.java:466)
		at org.apache.jasper.servlet.JspServlet.serviceJspFile(JspServlet.java:379)
		at org.apache.jasper.servlet.JspServlet.service(JspServlet.java:327)
		at javax.servlet.http.HttpServlet.service(HttpServlet.java:790)
		at org.apache.catalina.core.ApplicationFilterChain.internalDoFilter(ApplicationFilterChain.java:227)
		at org.apache.catalina.core.ApplicationFilterChain.doFilter(ApplicationFilterChain.java:162)
		at org.apache.tomcat.websocket.server.WsFilter.doFilter(WsFilter.java:53)
		at org.apache.catalina.core.ApplicationFilterChain.internalDoFilter(ApplicationFilterChain.java:189)
		at org.apache.catalina.core.ApplicationFilterChain.doFilter(ApplicationFilterChain.java:162)
		at org.apache.catalina.core.StandardWrapperValve.invoke(StandardWrapperValve.java:197)
		at org.apache.catalina.core.StandardContextValve.invoke(StandardContextValve.java:97)
		at org.apache.catalina.authenticator.AuthenticatorBase.invoke(AuthenticatorBase.java:541)
		at org.apache.catalina.core.StandardHostValve.invoke(StandardHostValve.java:135)
		at org.apache.catalina.valves.ErrorReportValve.invoke(ErrorReportValve.java:92)
		at org.apache.catalina.valves.AbstractAccessLogValve.invoke(AbstractAccessLogValve.java:687)
		at org.apache.catalina.core.StandardEngineValve.invoke(StandardEngineValve.java:78)
		at org.apache.catalina.connector.CoyoteAdapter.service(CoyoteAdapter.java:360)
		at org.apache.coyote.http11.Http11Processor.service(Http11Processor.java:399)
		at org.apache.coyote.AbstractProcessorLight.process(AbstractProcessorLight.java:65)
		at org.apache.coyote.AbstractProtocol$ConnectionHandler.process(AbstractProtocol.java:890)
		at org.apache.tomcat.util.net.NioEndpoint$SocketProcessor.doRun(NioEndpoint.java:1787)
		at org.apache.tomcat.util.net.SocketProcessorBase.run(SocketProcessorBase.java:49)
		at org.apache.tomcat.util.threads.ThreadPoolExecutor.runWorker(ThreadPoolExecutor.java:1191)
		at org.apache.tomcat.util.threads.ThreadPoolExecutor$Worker.run(ThreadPoolExecutor.java:659)
		at org.apache.tomcat.util.threads.TaskThread$WrappingRunnable.run(TaskThread.java:61)
		at java.base/java.lang.Thread.run(Thread.java:833)
05-Aug-2022 11:49:21.232 SEVERE [http-nio-8080-exec-5] org.apache.catalina.core.StandardWrapperValve.invoke Servlet.service() for servlet [todol] in context with path [] threw exception [Servlet execution threw an exception] with root cause
	java.lang.NoSuchMethodError: 'javax.servlet.http.HttpServletMapping javax.servlet.http.HttpServletRequest.getHttpServletMapping()'
		at org.apache.catalina.core.ApplicationHttpRequest.setRequest(ApplicationHttpRequest.java:714)
		at org.apache.catalina.core.ApplicationHttpRequest.<init>(ApplicationHttpRequest.java:113)
		at org.apache.catalina.core.ApplicationDispatcher.wrapRequest(ApplicationDispatcher.java:920)
		at org.apache.catalina.core.ApplicationDispatcher.doForward(ApplicationDispatcher.java:359)
		at org.apache.catalina.core.ApplicationDispatcher.forward(ApplicationDispatcher.java:313)
		at todol.doPost(todol.java:54)
		at javax.servlet.http.HttpServlet.service(HttpServlet.java:707)
		at javax.servlet.http.HttpServlet.service(HttpServlet.java:790)
		at org.apache.catalina.core.ApplicationFilterChain.internalDoFilter(ApplicationFilterChain.java:227)
		at org.apache.catalina.core.ApplicationFilterChain.doFilter(ApplicationFilterChain.java:162)
		at org.apache.tomcat.websocket.server.WsFilter.doFilter(WsFilter.java:53)
		at org.apache.catalina.core.ApplicationFilterChain.internalDoFilter(ApplicationFilterChain.java:189)
		at org.apache.catalina.core.ApplicationFilterChain.doFilter(ApplicationFilterChain.java:162)
		at org.apache.catalina.core.StandardWrapperValve.invoke(StandardWrapperValve.java:197)
		at org.apache.catalina.core.StandardContextValve.invoke(StandardContextValve.java:97)
		at org.apache.catalina.authenticator.AuthenticatorBase.invoke(AuthenticatorBase.java:541)
		at org.apache.catalina.core.StandardHostValve.invoke(StandardHostValve.java:135)
		at org.apache.catalina.valves.ErrorReportValve.invoke(ErrorReportValve.java:92)
		at org.apache.catalina.valves.AbstractAccessLogValve.invoke(AbstractAccessLogValve.java:687)
		at org.apache.catalina.core.StandardEngineValve.invoke(StandardEngineValve.java:78)
		at org.apache.catalina.connector.CoyoteAdapter.service(CoyoteAdapter.java:360)
		at org.apache.coyote.http11.Http11Processor.service(Http11Processor.java:399)
		at org.apache.coyote.AbstractProcessorLight.process(AbstractProcessorLight.java:65)
		at org.apache.coyote.AbstractProtocol$ConnectionHandler.process(AbstractProtocol.java:890)
		at org.apache.tomcat.util.net.NioEndpoint$SocketProcessor.doRun(NioEndpoint.java:1787)
		at org.apache.tomcat.util.net.SocketProcessorBase.run(SocketProcessorBase.java:49)
		at org.apache.tomcat.util.threads.ThreadPoolExecutor.runWorker(ThreadPoolExecutor.java:1191)
		at org.apache.tomcat.util.threads.ThreadPoolExecutor$Worker.run(ThreadPoolExecutor.java:659)
		at org.apache.tomcat.util.threads.TaskThread$WrappingRunnable.run(TaskThread.java:61)
		at java.base/java.lang.Thread.run(Thread.java:833)
05-Aug-2022 11:54:19.917 SEVERE [http-nio-8080-exec-1] org.apache.catalina.session.StandardSession.tellNew Session event listener threw exception
	java.lang.AbstractMethodError: Receiver class org.apache.tomcat.websocket.server.WsSessionListener does not define or inherit an implementation of the resolved method 'abstract void sessionCreated(javax.servlet.http.HttpSessionEvent)' of interface javax.servlet.http.HttpSessionListener.
		at org.apache.catalina.session.StandardSession.tellNew(StandardSession.java:390)
		at org.apache.catalina.session.StandardSession.setId(StandardSession.java:363)
		at org.apache.catalina.session.StandardSession.setId(StandardSession.java:342)
		at org.apache.catalina.session.ManagerBase.createSession(ManagerBase.java:725)
		at org.apache.catalina.connector.Request.doGetSession(Request.java:3104)
		at org.apache.catalina.connector.Request.getSession(Request.java:2492)
		at org.apache.catalina.connector.RequestFacade.getSession(RequestFacade.java:908)
		at org.apache.catalina.connector.RequestFacade.getSession(RequestFacade.java:920)
		at org.apache.jasper.runtime.PageContextImpl.initialize(PageContextImpl.java:130)
		at org.apache.jasper.runtime.JspFactoryImpl.internalGetPageContext(JspFactoryImpl.java:109)
		at org.apache.jasper.runtime.JspFactoryImpl.getPageContext(JspFactoryImpl.java:59)
		at org.apache.jsp.login_jsp._jspService(login_jsp.java:107)
		at org.apache.jasper.runtime.HttpJspBase.service(HttpJspBase.java:70)
		at javax.servlet.http.HttpServlet.service(HttpServlet.java:790)
		at org.apache.jasper.servlet.JspServletWrapper.service(JspServletWrapper.java:466)
		at org.apache.jasper.servlet.JspServlet.serviceJspFile(JspServlet.java:379)
		at org.apache.jasper.servlet.JspServlet.service(JspServlet.java:327)
		at javax.servlet.http.HttpServlet.service(HttpServlet.java:790)
		at org.apache.catalina.core.ApplicationFilterChain.internalDoFilter(ApplicationFilterChain.java:227)
		at org.apache.catalina.core.ApplicationFilterChain.doFilter(ApplicationFilterChain.java:162)
		at org.apache.tomcat.websocket.server.WsFilter.doFilter(WsFilter.java:53)
		at org.apache.catalina.core.ApplicationFilterChain.internalDoFilter(ApplicationFilterChain.java:189)
		at org.apache.catalina.core.ApplicationFilterChain.doFilter(ApplicationFilterChain.java:162)
		at org.apache.catalina.core.StandardWrapperValve.invoke(StandardWrapperValve.java:197)
		at org.apache.catalina.core.StandardContextValve.invoke(StandardContextValve.java:97)
		at org.apache.catalina.authenticator.AuthenticatorBase.invoke(AuthenticatorBase.java:541)
		at org.apache.catalina.core.StandardHostValve.invoke(StandardHostValve.java:135)
		at org.apache.catalina.valves.ErrorReportValve.invoke(ErrorReportValve.java:92)
		at org.apache.catalina.valves.AbstractAccessLogValve.invoke(AbstractAccessLogValve.java:687)
		at org.apache.catalina.core.StandardEngineValve.invoke(StandardEngineValve.java:78)
		at org.apache.catalina.connector.CoyoteAdapter.service(CoyoteAdapter.java:360)
		at org.apache.coyote.http11.Http11Processor.service(Http11Processor.java:399)
		at org.apache.coyote.AbstractProcessorLight.process(AbstractProcessorLight.java:65)
		at org.apache.coyote.AbstractProtocol$ConnectionHandler.process(AbstractProtocol.java:890)
		at org.apache.tomcat.util.net.NioEndpoint$SocketProcessor.doRun(NioEndpoint.java:1787)
		at org.apache.tomcat.util.net.SocketProcessorBase.run(SocketProcessorBase.java:49)
		at org.apache.tomcat.util.threads.ThreadPoolExecutor.runWorker(ThreadPoolExecutor.java:1191)
		at org.apache.tomcat.util.threads.ThreadPoolExecutor$Worker.run(ThreadPoolExecutor.java:659)
		at org.apache.tomcat.util.threads.TaskThread$WrappingRunnable.run(TaskThread.java:61)
		at java.base/java.lang.Thread.run(Thread.java:833)
05-Aug-2022 11:54:43.936 INFO [http-nio-8080-exec-8] org.apache.catalina.core.ApplicationContext.log Marking servlet [todo] as unavailable
05-Aug-2022 11:54:43.936 SEVERE [http-nio-8080-exec-8] org.apache.catalina.core.StandardWrapperValve.invoke Allocate exception for servlet [todo]
	javax.servlet.ServletException: No servlet class has been specified for servlet [todo]
		at org.apache.catalina.core.StandardWrapper.loadServlet(StandardWrapper.java:1065)
		at org.apache.catalina.core.StandardWrapper.allocate(StandardWrapper.java:788)
		at org.apache.catalina.core.StandardWrapperValve.invoke(StandardWrapperValve.java:128)
		at org.apache.catalina.core.StandardContextValve.invoke(StandardContextValve.java:97)
		at org.apache.catalina.authenticator.AuthenticatorBase.invoke(AuthenticatorBase.java:541)
		at org.apache.catalina.core.StandardHostValve.invoke(StandardHostValve.java:135)
		at org.apache.catalina.valves.ErrorReportValve.invoke(ErrorReportValve.java:92)
		at org.apache.catalina.valves.AbstractAccessLogValve.invoke(AbstractAccessLogValve.java:687)
		at org.apache.catalina.core.StandardEngineValve.invoke(StandardEngineValve.java:78)
		at org.apache.catalina.connector.CoyoteAdapter.service(CoyoteAdapter.java:360)
		at org.apache.coyote.http11.Http11Processor.service(Http11Processor.java:399)
		at org.apache.coyote.AbstractProcessorLight.process(AbstractProcessorLight.java:65)
		at org.apache.coyote.AbstractProtocol$ConnectionHandler.process(AbstractProtocol.java:890)
		at org.apache.tomcat.util.net.NioEndpoint$SocketProcessor.doRun(NioEndpoint.java:1787)
		at org.apache.tomcat.util.net.SocketProcessorBase.run(SocketProcessorBase.java:49)
		at org.apache.tomcat.util.threads.ThreadPoolExecutor.runWorker(ThreadPoolExecutor.java:1191)
		at org.apache.tomcat.util.threads.ThreadPoolExecutor$Worker.run(ThreadPoolExecutor.java:659)
		at org.apache.tomcat.util.threads.TaskThread$WrappingRunnable.run(TaskThread.java:61)
		at java.base/java.lang.Thread.run(Thread.java:833)
05-Aug-2022 11:55:58.081 SEVERE [http-nio-8080-exec-1] org.apache.catalina.session.StandardSession.tellNew Session event listener threw exception
	java.lang.AbstractMethodError: Receiver class org.apache.tomcat.websocket.server.WsSessionListener does not define or inherit an implementation of the resolved method 'abstract void sessionCreated(javax.servlet.http.HttpSessionEvent)' of interface javax.servlet.http.HttpSessionListener.
		at org.apache.catalina.session.StandardSession.tellNew(StandardSession.java:390)
		at org.apache.catalina.session.StandardSession.setId(StandardSession.java:363)
		at org.apache.catalina.session.StandardSession.setId(StandardSession.java:342)
		at org.apache.catalina.session.ManagerBase.createSession(ManagerBase.java:725)
		at org.apache.catalina.connector.Request.doGetSession(Request.java:3104)
		at org.apache.catalina.connector.Request.getSession(Request.java:2492)
		at org.apache.catalina.connector.RequestFacade.getSession(RequestFacade.java:908)
		at org.apache.catalina.connector.RequestFacade.getSession(RequestFacade.java:920)
		at org.apache.jasper.runtime.PageContextImpl.initialize(PageContextImpl.java:130)
		at org.apache.jasper.runtime.JspFactoryImpl.internalGetPageContext(JspFactoryImpl.java:109)
		at org.apache.jasper.runtime.JspFactoryImpl.getPageContext(JspFactoryImpl.java:59)
		at org.apache.jsp.login_jsp._jspService(login_jsp.java:107)
		at org.apache.jasper.runtime.HttpJspBase.service(HttpJspBase.java:70)
		at javax.servlet.http.HttpServlet.service(HttpServlet.java:790)
		at org.apache.jasper.servlet.JspServletWrapper.service(JspServletWrapper.java:466)
		at org.apache.jasper.servlet.JspServlet.serviceJspFile(JspServlet.java:379)
		at org.apache.jasper.servlet.JspServlet.service(JspServlet.java:327)
		at javax.servlet.http.HttpServlet.service(HttpServlet.java:790)
		at org.apache.catalina.core.ApplicationFilterChain.internalDoFilter(ApplicationFilterChain.java:227)
		at org.apache.catalina.core.ApplicationFilterChain.doFilter(ApplicationFilterChain.java:162)
		at org.apache.tomcat.websocket.server.WsFilter.doFilter(WsFilter.java:53)
		at org.apache.catalina.core.ApplicationFilterChain.internalDoFilter(ApplicationFilterChain.java:189)
		at org.apache.catalina.core.ApplicationFilterChain.doFilter(ApplicationFilterChain.java:162)
		at org.apache.catalina.core.StandardWrapperValve.invoke(StandardWrapperValve.java:197)
		at org.apache.catalina.core.StandardContextValve.invoke(StandardContextValve.java:97)
		at org.apache.catalina.authenticator.AuthenticatorBase.invoke(AuthenticatorBase.java:541)
		at org.apache.catalina.core.StandardHostValve.invoke(StandardHostValve.java:135)
		at org.apache.catalina.valves.ErrorReportValve.invoke(ErrorReportValve.java:92)
		at org.apache.catalina.valves.AbstractAccessLogValve.invoke(AbstractAccessLogValve.java:687)
		at org.apache.catalina.core.StandardEngineValve.invoke(StandardEngineValve.java:78)
		at org.apache.catalina.connector.CoyoteAdapter.service(CoyoteAdapter.java:360)
		at org.apache.coyote.http11.Http11Processor.service(Http11Processor.java:399)
		at org.apache.coyote.AbstractProcessorLight.process(AbstractProcessorLight.java:65)
		at org.apache.coyote.AbstractProtocol$ConnectionHandler.process(AbstractProtocol.java:890)
		at org.apache.tomcat.util.net.NioEndpoint$SocketProcessor.doRun(NioEndpoint.java:1787)
		at org.apache.tomcat.util.net.SocketProcessorBase.run(SocketProcessorBase.java:49)
		at org.apache.tomcat.util.threads.ThreadPoolExecutor.runWorker(ThreadPoolExecutor.java:1191)
		at org.apache.tomcat.util.threads.ThreadPoolExecutor$Worker.run(ThreadPoolExecutor.java:659)
		at org.apache.tomcat.util.threads.TaskThread$WrappingRunnable.run(TaskThread.java:61)
		at java.base/java.lang.Thread.run(Thread.java:833)
05-Aug-2022 13:36:43.072 SEVERE [http-nio-8080-exec-1] org.apache.catalina.session.StandardSession.tellNew Session event listener threw exception
	java.lang.AbstractMethodError: Receiver class org.apache.tomcat.websocket.server.WsSessionListener does not define or inherit an implementation of the resolved method 'abstract void sessionCreated(javax.servlet.http.HttpSessionEvent)' of interface javax.servlet.http.HttpSessionListener.
		at org.apache.catalina.session.StandardSession.tellNew(StandardSession.java:390)
		at org.apache.catalina.session.StandardSession.setId(StandardSession.java:363)
		at org.apache.catalina.session.StandardSession.setId(StandardSession.java:342)
		at org.apache.catalina.session.ManagerBase.createSession(ManagerBase.java:725)
		at org.apache.catalina.connector.Request.doGetSession(Request.java:3104)
		at org.apache.catalina.connector.Request.getSession(Request.java:2492)
		at org.apache.catalina.connector.RequestFacade.getSession(RequestFacade.java:908)
		at org.apache.catalina.connector.RequestFacade.getSession(RequestFacade.java:920)
		at org.apache.jasper.runtime.PageContextImpl.initialize(PageContextImpl.java:130)
		at org.apache.jasper.runtime.JspFactoryImpl.internalGetPageContext(JspFactoryImpl.java:109)
		at org.apache.jasper.runtime.JspFactoryImpl.getPageContext(JspFactoryImpl.java:59)
		at org.apache.jsp.login_jsp._jspService(login_jsp.java:107)
		at org.apache.jasper.runtime.HttpJspBase.service(HttpJspBase.java:70)
		at javax.servlet.http.HttpServlet.service(HttpServlet.java:790)
		at org.apache.jasper.servlet.JspServletWrapper.service(JspServletWrapper.java:466)
		at org.apache.jasper.servlet.JspServlet.serviceJspFile(JspServlet.java:379)
		at org.apache.jasper.servlet.JspServlet.service(JspServlet.java:327)
		at javax.servlet.http.HttpServlet.service(HttpServlet.java:790)
		at org.apache.catalina.core.ApplicationFilterChain.internalDoFilter(ApplicationFilterChain.java:227)
		at org.apache.catalina.core.ApplicationFilterChain.doFilter(ApplicationFilterChain.java:162)
		at org.apache.tomcat.websocket.server.WsFilter.doFilter(WsFilter.java:53)
		at org.apache.catalina.core.ApplicationFilterChain.internalDoFilter(ApplicationFilterChain.java:189)
		at org.apache.catalina.core.ApplicationFilterChain.doFilter(ApplicationFilterChain.java:162)
		at org.apache.catalina.core.StandardWrapperValve.invoke(StandardWrapperValve.java:197)
		at org.apache.catalina.core.StandardContextValve.invoke(StandardContextValve.java:97)
		at org.apache.catalina.authenticator.AuthenticatorBase.invoke(AuthenticatorBase.java:541)
		at org.apache.catalina.core.StandardHostValve.invoke(StandardHostValve.java:135)
		at org.apache.catalina.valves.ErrorReportValve.invoke(ErrorReportValve.java:92)
		at org.apache.catalina.valves.AbstractAccessLogValve.invoke(AbstractAccessLogValve.java:687)
		at org.apache.catalina.core.StandardEngineValve.invoke(StandardEngineValve.java:78)
		at org.apache.catalina.connector.CoyoteAdapter.service(CoyoteAdapter.java:360)
		at org.apache.coyote.http11.Http11Processor.service(Http11Processor.java:399)
		at org.apache.coyote.AbstractProcessorLight.process(AbstractProcessorLight.java:65)
		at org.apache.coyote.AbstractProtocol$ConnectionHandler.process(AbstractProtocol.java:890)
		at org.apache.tomcat.util.net.NioEndpoint$SocketProcessor.doRun(NioEndpoint.java:1787)
		at org.apache.tomcat.util.net.SocketProcessorBase.run(SocketProcessorBase.java:49)
		at org.apache.tomcat.util.threads.ThreadPoolExecutor.runWorker(ThreadPoolExecutor.java:1191)
		at org.apache.tomcat.util.threads.ThreadPoolExecutor$Worker.run(ThreadPoolExecutor.java:659)
		at org.apache.tomcat.util.threads.TaskThread$WrappingRunnable.run(TaskThread.java:61)
		at java.base/java.lang.Thread.run(Thread.java:833)
05-Aug-2022 13:39:10.327 INFO [http-nio-8080-exec-3] org.apache.catalina.core.ApplicationContext.log Marking servlet [RegistrationServlet] as unavailable
05-Aug-2022 13:39:10.327 SEVERE [http-nio-8080-exec-3] org.apache.catalina.core.StandardWrapperValve.invoke Allocate exception for servlet [RegistrationServlet]
	javax.servlet.ServletException: No servlet class has been specified for servlet [RegistrationServlet]
		at org.apache.catalina.core.StandardWrapper.loadServlet(StandardWrapper.java:1065)
		at org.apache.catalina.core.StandardWrapper.allocate(StandardWrapper.java:788)
		at org.apache.catalina.core.StandardWrapperValve.invoke(StandardWrapperValve.java:128)
		at org.apache.catalina.core.StandardContextValve.invoke(StandardContextValve.java:97)
		at org.apache.catalina.authenticator.AuthenticatorBase.invoke(AuthenticatorBase.java:541)
		at org.apache.catalina.core.StandardHostValve.invoke(StandardHostValve.java:135)
		at org.apache.catalina.valves.ErrorReportValve.invoke(ErrorReportValve.java:92)
		at org.apache.catalina.valves.AbstractAccessLogValve.invoke(AbstractAccessLogValve.java:687)
		at org.apache.catalina.core.StandardEngineValve.invoke(StandardEngineValve.java:78)
		at org.apache.catalina.connector.CoyoteAdapter.service(CoyoteAdapter.java:360)
		at org.apache.coyote.http11.Http11Processor.service(Http11Processor.java:399)
		at org.apache.coyote.AbstractProcessorLight.process(AbstractProcessorLight.java:65)
		at org.apache.coyote.AbstractProtocol$ConnectionHandler.process(AbstractProtocol.java:890)
		at org.apache.tomcat.util.net.NioEndpoint$SocketProcessor.doRun(NioEndpoint.java:1787)
		at org.apache.tomcat.util.net.SocketProcessorBase.run(SocketProcessorBase.java:49)
		at org.apache.tomcat.util.threads.ThreadPoolExecutor.runWorker(ThreadPoolExecutor.java:1191)
		at org.apache.tomcat.util.threads.ThreadPoolExecutor$Worker.run(ThreadPoolExecutor.java:659)
		at org.apache.tomcat.util.threads.TaskThread$WrappingRunnable.run(TaskThread.java:61)
		at java.base/java.lang.Thread.run(Thread.java:833)
05-Aug-2022 13:40:15.145 SEVERE [Catalina-utility-1] org.apache.catalina.core.ApplicationFilterConfig.release Failed to destroy the filter named [Tomcat WebSocket (JSR356) Filter] of type [org.apache.tomcat.websocket.server.WsFilter]
	java.lang.AbstractMethodError: Receiver class org.apache.tomcat.websocket.server.WsFilter does not define or inherit an implementation of the resolved method 'abstract void destroy()' of interface javax.servlet.Filter.
		at org.apache.catalina.core.ApplicationFilterConfig.release(ApplicationFilterConfig.java:303)
		at org.apache.catalina.core.StandardContext.filterStop(StandardContext.java:4647)
		at org.apache.catalina.core.StandardContext.stopInternal(StandardContext.java:5469)
		at org.apache.catalina.util.LifecycleBase.stop(LifecycleBase.java:257)
		at org.apache.catalina.core.StandardContext.reload(StandardContext.java:3811)
		at org.apache.catalina.startup.HostConfig.reload(HostConfig.java:1443)
		at org.apache.catalina.startup.HostConfig.checkResources(HostConfig.java:1415)
		at org.apache.catalina.startup.HostConfig.check(HostConfig.java:1654)
		at org.apache.catalina.startup.HostConfig.lifecycleEvent(HostConfig.java:315)
		at org.apache.catalina.util.LifecycleBase.fireLifecycleEvent(LifecycleBase.java:123)
		at org.apache.catalina.core.ContainerBase.backgroundProcess(ContainerBase.java:1162)
		at org.apache.catalina.core.ContainerBase$ContainerBackgroundProcessor.processChildren(ContainerBase.java:1365)
		at org.apache.catalina.core.ContainerBase$ContainerBackgroundProcessor.processChildren(ContainerBase.java:1369)
		at org.apache.catalina.core.ContainerBase$ContainerBackgroundProcessor.run(ContainerBase.java:1347)
		at java.base/java.util.concurrent.Executors$RunnableAdapter.call(Executors.java:539)
		at java.base/java.util.concurrent.FutureTask.runAndReset(FutureTask.java:305)
		at java.base/java.util.concurrent.ScheduledThreadPoolExecutor$ScheduledFutureTask.run(ScheduledThreadPoolExecutor.java:305)
		at java.base/java.util.concurrent.ThreadPoolExecutor.runWorker(ThreadPoolExecutor.java:1136)
		at java.base/java.util.concurrent.ThreadPoolExecutor$Worker.run(ThreadPoolExecutor.java:635)
		at org.apache.tomcat.util.threads.TaskThread$WrappingRunnable.run(TaskThread.java:61)
		at java.base/java.lang.Thread.run(Thread.java:833)
05-Aug-2022 13:43:00.161 SEVERE [http-nio-8080-exec-1] org.apache.catalina.session.StandardSession.tellNew Session event listener threw exception
	java.lang.AbstractMethodError: Receiver class org.apache.tomcat.websocket.server.WsSessionListener does not define or inherit an implementation of the resolved method 'abstract void sessionCreated(javax.servlet.http.HttpSessionEvent)' of interface javax.servlet.http.HttpSessionListener.
		at org.apache.catalina.session.StandardSession.tellNew(StandardSession.java:390)
		at org.apache.catalina.session.StandardSession.setId(StandardSession.java:363)
		at org.apache.catalina.session.StandardSession.setId(StandardSession.java:342)
		at org.apache.catalina.session.ManagerBase.createSession(ManagerBase.java:725)
		at org.apache.catalina.connector.Request.doGetSession(Request.java:3104)
		at org.apache.catalina.connector.Request.getSession(Request.java:2492)
		at org.apache.catalina.connector.RequestFacade.getSession(RequestFacade.java:908)
		at org.apache.catalina.connector.RequestFacade.getSession(RequestFacade.java:920)
		at org.apache.jasper.runtime.PageContextImpl.initialize(PageContextImpl.java:130)
		at org.apache.jasper.runtime.JspFactoryImpl.internalGetPageContext(JspFactoryImpl.java:109)
		at org.apache.jasper.runtime.JspFactoryImpl.getPageContext(JspFactoryImpl.java:59)
		at org.apache.jsp.login_jsp._jspService(login_jsp.java:107)
		at org.apache.jasper.runtime.HttpJspBase.service(HttpJspBase.java:70)
		at javax.servlet.http.HttpServlet.service(HttpServlet.java:790)
		at org.apache.jasper.servlet.JspServletWrapper.service(JspServletWrapper.java:466)
		at org.apache.jasper.servlet.JspServlet.serviceJspFile(JspServlet.java:379)
		at org.apache.jasper.servlet.JspServlet.service(JspServlet.java:327)
		at javax.servlet.http.HttpServlet.service(HttpServlet.java:790)
		at org.apache.catalina.core.ApplicationFilterChain.internalDoFilter(ApplicationFilterChain.java:227)
		at org.apache.catalina.core.ApplicationFilterChain.doFilter(ApplicationFilterChain.java:162)
		at org.apache.tomcat.websocket.server.WsFilter.doFilter(WsFilter.java:53)
		at org.apache.catalina.core.ApplicationFilterChain.internalDoFilter(ApplicationFilterChain.java:189)
		at org.apache.catalina.core.ApplicationFilterChain.doFilter(ApplicationFilterChain.java:162)
		at org.apache.catalina.core.StandardWrapperValve.invoke(StandardWrapperValve.java:197)
		at org.apache.catalina.core.StandardContextValve.invoke(StandardContextValve.java:97)
		at org.apache.catalina.authenticator.AuthenticatorBase.invoke(AuthenticatorBase.java:541)
		at org.apache.catalina.core.StandardHostValve.invoke(StandardHostValve.java:135)
		at org.apache.catalina.valves.ErrorReportValve.invoke(ErrorReportValve.java:92)
		at org.apache.catalina.valves.AbstractAccessLogValve.invoke(AbstractAccessLogValve.java:687)
		at org.apache.catalina.core.StandardEngineValve.invoke(StandardEngineValve.java:78)
		at org.apache.catalina.connector.CoyoteAdapter.service(CoyoteAdapter.java:360)
		at org.apache.coyote.http11.Http11Processor.service(Http11Processor.java:399)
		at org.apache.coyote.AbstractProcessorLight.process(AbstractProcessorLight.java:65)
		at org.apache.coyote.AbstractProtocol$ConnectionHandler.process(AbstractProtocol.java:890)
		at org.apache.tomcat.util.net.NioEndpoint$SocketProcessor.doRun(NioEndpoint.java:1787)
		at org.apache.tomcat.util.net.SocketProcessorBase.run(SocketProcessorBase.java:49)
		at org.apache.tomcat.util.threads.ThreadPoolExecutor.runWorker(ThreadPoolExecutor.java:1191)
		at org.apache.tomcat.util.threads.ThreadPoolExecutor$Worker.run(ThreadPoolExecutor.java:659)
		at org.apache.tomcat.util.threads.TaskThread$WrappingRunnable.run(TaskThread.java:61)
		at java.base/java.lang.Thread.run(Thread.java:833)
05-Aug-2022 13:43:11.983 INFO [http-nio-8080-exec-3] org.apache.catalina.core.ApplicationContext.log Marking servlet [RegistrationServlet] as unavailable
05-Aug-2022 13:43:11.983 SEVERE [http-nio-8080-exec-3] org.apache.catalina.core.StandardWrapperValve.invoke Allocate exception for servlet [RegistrationServlet]
	javax.servlet.ServletException: No servlet class has been specified for servlet [RegistrationServlet]
		at org.apache.catalina.core.StandardWrapper.loadServlet(StandardWrapper.java:1065)
		at org.apache.catalina.core.StandardWrapper.allocate(StandardWrapper.java:788)
		at org.apache.catalina.core.StandardWrapperValve.invoke(StandardWrapperValve.java:128)
		at org.apache.catalina.core.StandardContextValve.invoke(StandardContextValve.java:97)
		at org.apache.catalina.authenticator.AuthenticatorBase.invoke(AuthenticatorBase.java:541)
		at org.apache.catalina.core.StandardHostValve.invoke(StandardHostValve.java:135)
		at org.apache.catalina.valves.ErrorReportValve.invoke(ErrorReportValve.java:92)
		at org.apache.catalina.valves.AbstractAccessLogValve.invoke(AbstractAccessLogValve.java:687)
		at org.apache.catalina.core.StandardEngineValve.invoke(StandardEngineValve.java:78)
		at org.apache.catalina.connector.CoyoteAdapter.service(CoyoteAdapter.java:360)
		at org.apache.coyote.http11.Http11Processor.service(Http11Processor.java:399)
		at org.apache.coyote.AbstractProcessorLight.process(AbstractProcessorLight.java:65)
		at org.apache.coyote.AbstractProtocol$ConnectionHandler.process(AbstractProtocol.java:890)
		at org.apache.tomcat.util.net.NioEndpoint$SocketProcessor.doRun(NioEndpoint.java:1787)
		at org.apache.tomcat.util.net.SocketProcessorBase.run(SocketProcessorBase.java:49)
		at org.apache.tomcat.util.threads.ThreadPoolExecutor.runWorker(ThreadPoolExecutor.java:1191)
		at org.apache.tomcat.util.threads.ThreadPoolExecutor$Worker.run(ThreadPoolExecutor.java:659)
		at org.apache.tomcat.util.threads.TaskThread$WrappingRunnable.run(TaskThread.java:61)
		at java.base/java.lang.Thread.run(Thread.java:833)
05-Aug-2022 15:08:48.329 SEVERE [http-nio-8080-exec-1] org.apache.catalina.session.StandardSession.tellNew Session event listener threw exception
	java.lang.AbstractMethodError: Receiver class org.apache.tomcat.websocket.server.WsSessionListener does not define or inherit an implementation of the resolved method 'abstract void sessionCreated(javax.servlet.http.HttpSessionEvent)' of interface javax.servlet.http.HttpSessionListener.
		at org.apache.catalina.session.StandardSession.tellNew(StandardSession.java:390)
		at org.apache.catalina.session.StandardSession.setId(StandardSession.java:363)
		at org.apache.catalina.session.StandardSession.setId(StandardSession.java:342)
		at org.apache.catalina.session.ManagerBase.createSession(ManagerBase.java:725)
		at org.apache.catalina.connector.Request.doGetSession(Request.java:3104)
		at org.apache.catalina.connector.Request.getSession(Request.java:2492)
		at org.apache.catalina.connector.RequestFacade.getSession(RequestFacade.java:908)
		at org.apache.catalina.connector.RequestFacade.getSession(RequestFacade.java:920)
		at org.apache.jasper.runtime.PageContextImpl.initialize(PageContextImpl.java:130)
		at org.apache.jasper.runtime.JspFactoryImpl.internalGetPageContext(JspFactoryImpl.java:109)
		at org.apache.jasper.runtime.JspFactoryImpl.getPageContext(JspFactoryImpl.java:59)
		at org.apache.jsp.login_jsp._jspService(login_jsp.java:107)
		at org.apache.jasper.runtime.HttpJspBase.service(HttpJspBase.java:70)
		at javax.servlet.http.HttpServlet.service(HttpServlet.java:790)
		at org.apache.jasper.servlet.JspServletWrapper.service(JspServletWrapper.java:466)
		at org.apache.jasper.servlet.JspServlet.serviceJspFile(JspServlet.java:379)
		at org.apache.jasper.servlet.JspServlet.service(JspServlet.java:327)
		at javax.servlet.http.HttpServlet.service(HttpServlet.java:790)
		at org.apache.catalina.core.ApplicationFilterChain.internalDoFilter(ApplicationFilterChain.java:227)
		at org.apache.catalina.core.ApplicationFilterChain.doFilter(ApplicationFilterChain.java:162)
		at org.apache.tomcat.websocket.server.WsFilter.doFilter(WsFilter.java:53)
		at org.apache.catalina.core.ApplicationFilterChain.internalDoFilter(ApplicationFilterChain.java:189)
		at org.apache.catalina.core.ApplicationFilterChain.doFilter(ApplicationFilterChain.java:162)
		at org.apache.catalina.core.StandardWrapperValve.invoke(StandardWrapperValve.java:197)
		at org.apache.catalina.core.StandardContextValve.invoke(StandardContextValve.java:97)
		at org.apache.catalina.authenticator.AuthenticatorBase.invoke(AuthenticatorBase.java:541)
		at org.apache.catalina.core.StandardHostValve.invoke(StandardHostValve.java:135)
		at org.apache.catalina.valves.ErrorReportValve.invoke(ErrorReportValve.java:92)
		at org.apache.catalina.valves.AbstractAccessLogValve.invoke(AbstractAccessLogValve.java:687)
		at org.apache.catalina.core.StandardEngineValve.invoke(StandardEngineValve.java:78)
		at org.apache.catalina.connector.CoyoteAdapter.service(CoyoteAdapter.java:360)
		at org.apache.coyote.http11.Http11Processor.service(Http11Processor.java:399)
		at org.apache.coyote.AbstractProcessorLight.process(AbstractProcessorLight.java:65)
		at org.apache.coyote.AbstractProtocol$ConnectionHandler.process(AbstractProtocol.java:890)
		at org.apache.tomcat.util.net.NioEndpoint$SocketProcessor.doRun(NioEndpoint.java:1787)
		at org.apache.tomcat.util.net.SocketProcessorBase.run(SocketProcessorBase.java:49)
		at org.apache.tomcat.util.threads.ThreadPoolExecutor.runWorker(ThreadPoolExecutor.java:1191)
		at org.apache.tomcat.util.threads.ThreadPoolExecutor$Worker.run(ThreadPoolExecutor.java:659)
		at org.apache.tomcat.util.threads.TaskThread$WrappingRunnable.run(TaskThread.java:61)
		at java.base/java.lang.Thread.run(Thread.java:833)
05-Aug-2022 15:11:04.596 SEVERE [http-nio-8080-exec-1] org.apache.catalina.session.StandardSession.tellNew Session event listener threw exception
	java.lang.AbstractMethodError: Receiver class org.apache.tomcat.websocket.server.WsSessionListener does not define or inherit an implementation of the resolved method 'abstract void sessionCreated(javax.servlet.http.HttpSessionEvent)' of interface javax.servlet.http.HttpSessionListener.
		at org.apache.catalina.session.StandardSession.tellNew(StandardSession.java:390)
		at org.apache.catalina.session.StandardSession.setId(StandardSession.java:363)
		at org.apache.catalina.session.StandardSession.setId(StandardSession.java:342)
		at org.apache.catalina.session.ManagerBase.createSession(ManagerBase.java:725)
		at org.apache.catalina.connector.Request.doGetSession(Request.java:3104)
		at org.apache.catalina.connector.Request.getSession(Request.java:2492)
		at org.apache.catalina.connector.RequestFacade.getSession(RequestFacade.java:908)
		at org.apache.catalina.connector.RequestFacade.getSession(RequestFacade.java:920)
		at org.apache.jasper.runtime.PageContextImpl.initialize(PageContextImpl.java:130)
		at org.apache.jasper.runtime.JspFactoryImpl.internalGetPageContext(JspFactoryImpl.java:109)
		at org.apache.jasper.runtime.JspFactoryImpl.getPageContext(JspFactoryImpl.java:59)
		at org.apache.jsp.login_jsp._jspService(login_jsp.java:107)
		at org.apache.jasper.runtime.HttpJspBase.service(HttpJspBase.java:70)
		at javax.servlet.http.HttpServlet.service(HttpServlet.java:790)
		at org.apache.jasper.servlet.JspServletWrapper.service(JspServletWrapper.java:466)
		at org.apache.jasper.servlet.JspServlet.serviceJspFile(JspServlet.java:379)
		at org.apache.jasper.servlet.JspServlet.service(JspServlet.java:327)
		at javax.servlet.http.HttpServlet.service(HttpServlet.java:790)
		at org.apache.catalina.core.ApplicationFilterChain.internalDoFilter(ApplicationFilterChain.java:227)
		at org.apache.catalina.core.ApplicationFilterChain.doFilter(ApplicationFilterChain.java:162)
		at org.apache.tomcat.websocket.server.WsFilter.doFilter(WsFilter.java:53)
		at org.apache.catalina.core.ApplicationFilterChain.internalDoFilter(ApplicationFilterChain.java:189)
		at org.apache.catalina.core.ApplicationFilterChain.doFilter(ApplicationFilterChain.java:162)
		at org.apache.catalina.core.StandardWrapperValve.invoke(StandardWrapperValve.java:197)
		at org.apache.catalina.core.StandardContextValve.invoke(StandardContextValve.java:97)
		at org.apache.catalina.authenticator.AuthenticatorBase.invoke(AuthenticatorBase.java:541)
		at org.apache.catalina.core.StandardHostValve.invoke(StandardHostValve.java:135)
		at org.apache.catalina.valves.ErrorReportValve.invoke(ErrorReportValve.java:92)
		at org.apache.catalina.valves.AbstractAccessLogValve.invoke(AbstractAccessLogValve.java:687)
		at org.apache.catalina.core.StandardEngineValve.invoke(StandardEngineValve.java:78)
		at org.apache.catalina.connector.CoyoteAdapter.service(CoyoteAdapter.java:360)
		at org.apache.coyote.http11.Http11Processor.service(Http11Processor.java:399)
		at org.apache.coyote.AbstractProcessorLight.process(AbstractProcessorLight.java:65)
		at org.apache.coyote.AbstractProtocol$ConnectionHandler.process(AbstractProtocol.java:890)
		at org.apache.tomcat.util.net.NioEndpoint$SocketProcessor.doRun(NioEndpoint.java:1787)
		at org.apache.tomcat.util.net.SocketProcessorBase.run(SocketProcessorBase.java:49)
		at org.apache.tomcat.util.threads.ThreadPoolExecutor.runWorker(ThreadPoolExecutor.java:1191)
		at org.apache.tomcat.util.threads.ThreadPoolExecutor$Worker.run(ThreadPoolExecutor.java:659)
		at org.apache.tomcat.util.threads.TaskThread$WrappingRunnable.run(TaskThread.java:61)
		at java.base/java.lang.Thread.run(Thread.java:833)
05-Aug-2022 15:12:28.077 INFO [http-nio-8080-exec-4] org.apache.catalina.core.ApplicationContext.log Marking servlet [RegistrationServlet] as unavailable
05-Aug-2022 15:12:28.077 SEVERE [http-nio-8080-exec-4] org.apache.catalina.core.StandardWrapperValve.invoke Allocate exception for servlet [RegistrationServlet]
	javax.servlet.ServletException: No servlet class has been specified for servlet [RegistrationServlet]
		at org.apache.catalina.core.StandardWrapper.loadServlet(StandardWrapper.java:1065)
		at org.apache.catalina.core.StandardWrapper.allocate(StandardWrapper.java:788)
		at org.apache.catalina.core.StandardWrapperValve.invoke(StandardWrapperValve.java:128)
		at org.apache.catalina.core.StandardContextValve.invoke(StandardContextValve.java:97)
		at org.apache.catalina.authenticator.AuthenticatorBase.invoke(AuthenticatorBase.java:541)
		at org.apache.catalina.core.StandardHostValve.invoke(StandardHostValve.java:135)
		at org.apache.catalina.valves.ErrorReportValve.invoke(ErrorReportValve.java:92)
		at org.apache.catalina.valves.AbstractAccessLogValve.invoke(AbstractAccessLogValve.java:687)
		at org.apache.catalina.core.StandardEngineValve.invoke(StandardEngineValve.java:78)
		at org.apache.catalina.connector.CoyoteAdapter.service(CoyoteAdapter.java:360)
		at org.apache.coyote.http11.Http11Processor.service(Http11Processor.java:399)
		at org.apache.coyote.AbstractProcessorLight.process(AbstractProcessorLight.java:65)
		at org.apache.coyote.AbstractProtocol$ConnectionHandler.process(AbstractProtocol.java:890)
		at org.apache.tomcat.util.net.NioEndpoint$SocketProcessor.doRun(NioEndpoint.java:1787)
		at org.apache.tomcat.util.net.SocketProcessorBase.run(SocketProcessorBase.java:49)
		at org.apache.tomcat.util.threads.ThreadPoolExecutor.runWorker(ThreadPoolExecutor.java:1191)
		at org.apache.tomcat.util.threads.ThreadPoolExecutor$Worker.run(ThreadPoolExecutor.java:659)
		at org.apache.tomcat.util.threads.TaskThread$WrappingRunnable.run(TaskThread.java:61)
		at java.base/java.lang.Thread.run(Thread.java:833)
