
2022-06-29 14:36:14 Apache Commons Daemon procrun stderr initialized.
29-Jun-2022 14:36:15.650 INFO [main] org.apache.catalina.startup.VersionLoggerListener.log Server version name:   Apache Tomcat/9.0.64
29-Jun-2022 14:36:15.653 INFO [main] org.apache.catalina.startup.VersionLoggerListener.log Server built:          Jun 2 2022 19:08:46 UTC
29-Jun-2022 14:36:15.653 INFO [main] org.apache.catalina.startup.VersionLoggerListener.log Server version number: 9.0.64.0
29-Jun-2022 14:36:15.653 INFO [main] org.apache.catalina.startup.VersionLoggerListener.log OS Name:               Windows 10
29-Jun-2022 14:36:15.653 INFO [main] org.apache.catalina.startup.VersionLoggerListener.log OS Version:            10.0
29-Jun-2022 14:36:15.653 INFO [main] org.apache.catalina.startup.VersionLoggerListener.log Architecture:          amd64
29-Jun-2022 14:36:15.653 INFO [main] org.apache.catalina.startup.VersionLoggerListener.log Java Home:             C:\Program Files\Java\jre1.8.0_291
29-Jun-2022 14:36:15.653 INFO [main] org.apache.catalina.startup.VersionLoggerListener.log JVM Version:           1.8.0_291-b10
29-Jun-2022 14:36:15.653 INFO [main] org.apache.catalina.startup.VersionLoggerListener.log JVM Vendor:            Oracle Corporation
29-Jun-2022 14:36:15.654 INFO [main] org.apache.catalina.startup.VersionLoggerListener.log CATALINA_BASE:         C:\Program Files\Apache Software Foundation\Tomcat 9.0
29-Jun-2022 14:36:15.654 INFO [main] org.apache.catalina.startup.VersionLoggerListener.log CATALINA_HOME:         C:\Program Files\Apache Software Foundation\Tomcat 9.0
29-Jun-2022 14:36:15.665 INFO [main] org.apache.catalina.startup.VersionLoggerListener.log Command line argument: -Dcatalina.home=C:\Program Files\Apache Software Foundation\Tomcat 9.0
29-Jun-2022 14:36:15.666 INFO [main] org.apache.catalina.startup.VersionLoggerListener.log Command line argument: -Dcatalina.base=C:\Program Files\Apache Software Foundation\Tomcat 9.0
29-Jun-2022 14:36:15.666 INFO [main] org.apache.catalina.startup.VersionLoggerListener.log Command line argument: -Djava.io.tmpdir=C:\Program Files\Apache Software Foundation\Tomcat 9.0\temp
29-Jun-2022 14:36:15.666 INFO [main] org.apache.catalina.startup.VersionLoggerListener.log Command line argument: -Djava.util.logging.manager=org.apache.juli.ClassLoaderLogManager
29-Jun-2022 14:36:15.666 INFO [main] org.apache.catalina.startup.VersionLoggerListener.log Command line argument: -Djava.util.logging.config.file=C:\Program Files\Apache Software Foundation\Tomcat 9.0\conf\logging.properties
29-Jun-2022 14:36:15.666 INFO [main] org.apache.catalina.startup.VersionLoggerListener.log Command line argument: exit
29-Jun-2022 14:36:15.666 INFO [main] org.apache.catalina.startup.VersionLoggerListener.log Command line argument: abort
29-Jun-2022 14:36:15.666 INFO [main] org.apache.catalina.startup.VersionLoggerListener.log Command line argument: -Xms128m
29-Jun-2022 14:36:15.666 INFO [main] org.apache.catalina.startup.VersionLoggerListener.log Command line argument: -Xmx256m
29-Jun-2022 14:36:15.708 INFO [main] org.apache.catalina.core.AprLifecycleListener.lifecycleEvent Loaded Apache Tomcat Native library [1.2.33] using APR version [1.7.0].
29-Jun-2022 14:36:15.708 INFO [main] org.apache.catalina.core.AprLifecycleListener.lifecycleEvent APR capabilities: IPv6 [true], sendfile [true], accept filters [false], random [true], UDS [true].
29-Jun-2022 14:36:15.708 INFO [main] org.apache.catalina.core.AprLifecycleListener.lifecycleEvent APR/OpenSSL configuration: useAprConnector [false], useOpenSSL [true]
29-Jun-2022 14:36:15.716 INFO [main] org.apache.catalina.core.AprLifecycleListener.initializeSSL OpenSSL successfully initialized [OpenSSL 1.1.1o  3 May 2022]
29-Jun-2022 14:36:16.115 INFO [main] org.apache.coyote.AbstractProtocol.init Initializing ProtocolHandler ["http-nio-8080"]
29-Jun-2022 14:36:16.128 SEVERE [main] org.apache.catalina.util.LifecycleBase.handleSubClassException Failed to initialize component [Connector[HTTP/1.1-8080]]
	org.apache.catalina.LifecycleException: Protocol handler initialization failed
		at org.apache.catalina.connector.Connector.initInternal(Connector.java:1051)
		at org.apache.catalina.util.LifecycleBase.init(LifecycleBase.java:136)
		at org.apache.catalina.core.StandardService.initInternal(StandardService.java:556)
		at org.apache.catalina.util.LifecycleBase.init(LifecycleBase.java:136)
		at org.apache.catalina.core.StandardServer.initInternal(StandardServer.java:1045)
		at org.apache.catalina.util.LifecycleBase.init(LifecycleBase.java:136)
		at org.apache.catalina.startup.Catalina.load(Catalina.java:724)
		at org.apache.catalina.startup.Catalina.load(Catalina.java:746)
		at sun.reflect.NativeMethodAccessorImpl.invoke0(Native Method)
		at sun.reflect.NativeMethodAccessorImpl.invoke(Unknown Source)
		at sun.reflect.DelegatingMethodAccessorImpl.invoke(Unknown Source)
		at java.lang.reflect.Method.invoke(Unknown Source)
		at org.apache.catalina.startup.Bootstrap.load(Bootstrap.java:305)
		at org.apache.catalina.startup.Bootstrap.main(Bootstrap.java:475)
	Caused by: java.net.BindException: Address already in use: bind
		at sun.nio.ch.Net.bind0(Native Method)
		at sun.nio.ch.Net.bind(Unknown Source)
		at sun.nio.ch.Net.bind(Unknown Source)
		at sun.nio.ch.ServerSocketChannelImpl.bind(Unknown Source)
		at org.apache.tomcat.util.net.NioEndpoint.initServerSocket(NioEndpoint.java:274)
		at org.apache.tomcat.util.net.NioEndpoint.bind(NioEndpoint.java:229)
		at org.apache.tomcat.util.net.AbstractEndpoint.bindWithCleanup(AbstractEndpoint.java:1227)
		at org.apache.tomcat.util.net.AbstractEndpoint.init(AbstractEndpoint.java:1240)
		at org.apache.coyote.AbstractProtocol.init(AbstractProtocol.java:603)
		at org.apache.coyote.http11.AbstractHttp11Protocol.init(AbstractHttp11Protocol.java:80)
		at org.apache.catalina.connector.Connector.initInternal(Connector.java:1048)
		... 13 more
29-Jun-2022 14:36:16.129 INFO [main] org.apache.catalina.startup.Catalina.load Server initialization in [728] milliseconds
29-Jun-2022 14:36:16.174 INFO [main] org.apache.catalina.core.StandardService.startInternal Starting service [Catalina]
29-Jun-2022 14:36:16.174 INFO [main] org.apache.catalina.core.StandardEngine.startInternal Starting Servlet engine: [Apache Tomcat/9.0.64]
29-Jun-2022 14:36:16.184 INFO [main] org.apache.catalina.startup.HostConfig.deployDirectory Deploying web application directory [C:\Program Files\Apache Software Foundation\Tomcat 9.0\webapps\docs]
29-Jun-2022 14:36:16.582 INFO [main] org.apache.jasper.servlet.TldScanner.scanJars At least one JAR was scanned for TLDs yet contained no TLDs. Enable debug logging for this logger for a complete list of JARs that were scanned but no TLDs were found in them. Skipping unneeded JARs during scanning can improve startup time and JSP compilation time.
29-Jun-2022 14:36:16.763 WARNING [main] org.apache.catalina.util.SessionIdGeneratorBase.createSecureRandom Creation of SecureRandom instance for session ID generation using [SHA1PRNG] took [151] milliseconds.
29-Jun-2022 14:36:16.788 INFO [main] org.apache.catalina.startup.HostConfig.deployDirectory Deployment of web application directory [C:\Program Files\Apache Software Foundation\Tomcat 9.0\webapps\docs] has finished in [604] ms
29-Jun-2022 14:36:16.788 INFO [main] org.apache.catalina.startup.HostConfig.deployDirectory Deploying web application directory [C:\Program Files\Apache Software Foundation\Tomcat 9.0\webapps\manager]
29-Jun-2022 14:36:17.036 INFO [main] org.apache.jasper.servlet.TldScanner.scanJars At least one JAR was scanned for TLDs yet contained no TLDs. Enable debug logging for this logger for a complete list of JARs that were scanned but no TLDs were found in them. Skipping unneeded JARs during scanning can improve startup time and JSP compilation time.
29-Jun-2022 14:36:17.044 INFO [main] org.apache.catalina.startup.HostConfig.deployDirectory Deployment of web application directory [C:\Program Files\Apache Software Foundation\Tomcat 9.0\webapps\manager] has finished in [255] ms
29-Jun-2022 14:36:17.044 INFO [main] org.apache.catalina.startup.HostConfig.deployDirectory Deploying web application directory [C:\Program Files\Apache Software Foundation\Tomcat 9.0\webapps\ROOT]
29-Jun-2022 14:36:17.308 INFO [main] org.apache.jasper.servlet.TldScanner.scanJars At least one JAR was scanned for TLDs yet contained no TLDs. Enable debug logging for this logger for a complete list of JARs that were scanned but no TLDs were found in them. Skipping unneeded JARs during scanning can improve startup time and JSP compilation time.
29-Jun-2022 14:36:17.312 INFO [main] org.apache.catalina.startup.HostConfig.deployDirectory Deployment of web application directory [C:\Program Files\Apache Software Foundation\Tomcat 9.0\webapps\ROOT] has finished in [268] ms
29-Jun-2022 14:36:17.315 INFO [main] org.apache.catalina.startup.Catalina.start Server startup in [1186] milliseconds
